SF:/Users/rameshtamilselvan/Downloads/AethelredMVP/sdk/rust/src/core/client.rs
FN:128,_RINvMs_NtNtCsdlE2Tj2UPPG_13aethelred_sdk4core6clientNtB5_11ClientInner15handle_responsepEB9_
FN:116,_RINvMs_NtNtCsdlE2Tj2UPPG_13aethelred_sdk4core6clientNtB5_11ClientInner3getpEB9_
FN:122,_RINvMs_NtNtCsdlE2Tj2UPPG_13aethelred_sdk4core6clientNtB5_11ClientInner4postppEB9_
FN:128,_RNCINvMs_NtNtCsdlE2Tj2UPPG_13aethelred_sdk4core6clientNtB7_11ClientInner15handle_responsepE0Bb_
FN:116,_RNCINvMs_NtNtCsdlE2Tj2UPPG_13aethelred_sdk4core6clientNtB7_11ClientInner3getpE0Bb_
FN:122,_RNCINvMs_NtNtCsdlE2Tj2UPPG_13aethelred_sdk4core6clientNtB7_11ClientInner4postppE0Bb_
FN:134,_RNCNCINvMs_NtNtCsdlE2Tj2UPPG_13aethelred_sdk4core6clientNtB9_11ClientInner15handle_responsepE00Bd_
FN:135,_RNCNCINvMs_NtNtCsdlE2Tj2UPPG_13aethelred_sdk4core6clientNtB9_11ClientInner15handle_responsepE0s_0Bd_
FN:40,_RNCNCNvMNtNtCsdlE2Tj2UPPG_13aethelred_sdk4core6clientNtB6_15AethelredClient11with_config00Ba_
FN:34,_RNCNvMNtNtCsdlE2Tj2UPPG_13aethelred_sdk4core6clientNtB4_15AethelredClient11with_config0B8_
FN:99,_RNCNvMNtNtCsdlE2Tj2UPPG_13aethelred_sdk4core6clientNtB4_15AethelredClient12health_check0B8_
FN:91,_RNCNvMNtNtCsdlE2Tj2UPPG_13aethelred_sdk4core6clientNtB4_15AethelredClient13get_node_info0B8_
FN:29,_RNCNvMNtNtCsdlE2Tj2UPPG_13aethelred_sdk4core6clientNtB4_15AethelredClient3new0B8_
FN:73,_RNCNvMNtNtCsdlE2Tj2UPPG_13aethelred_sdk4core6clientNtB4_15AethelredClient5local0B8_
FN:67,_RNCNvMNtNtCsdlE2Tj2UPPG_13aethelred_sdk4core6clientNtB4_15AethelredClient7mainnet0B8_
FN:70,_RNCNvMNtNtCsdlE2Tj2UPPG_13aethelred_sdk4core6clientNtB4_15AethelredClient7testnet0B8_
FN:85,_RNvMNtNtCsdlE2Tj2UPPG_13aethelred_sdk4core6clientNtB2_15AethelredClient10validators
FN:34,_RNvMNtNtCsdlE2Tj2UPPG_13aethelred_sdk4core6clientNtB2_15AethelredClient11with_config
FN:99,_RNvMNtNtCsdlE2Tj2UPPG_13aethelred_sdk4core6clientNtB2_15AethelredClient12health_check
FN:88,_RNvMNtNtCsdlE2Tj2UPPG_13aethelred_sdk4core6clientNtB2_15AethelredClient12verification
FN:91,_RNvMNtNtCsdlE2Tj2UPPG_13aethelred_sdk4core6clientNtB2_15AethelredClient13get_node_info
FN:29,_RNvMNtNtCsdlE2Tj2UPPG_13aethelred_sdk4core6clientNtB2_15AethelredClient3new
FN:76,_RNvMNtNtCsdlE2Tj2UPPG_13aethelred_sdk4core6clientNtB2_15AethelredClient4jobs
FN:73,_RNvMNtNtCsdlE2Tj2UPPG_13aethelred_sdk4core6clientNtB2_15AethelredClient5local
FN:79,_RNvMNtNtCsdlE2Tj2UPPG_13aethelred_sdk4core6clientNtB2_15AethelredClient5seals
FN:82,_RNvMNtNtCsdlE2Tj2UPPG_13aethelred_sdk4core6clientNtB2_15AethelredClient6models
FN:67,_RNvMNtNtCsdlE2Tj2UPPG_13aethelred_sdk4core6clientNtB2_15AethelredClient7mainnet
FN:104,_RNvMNtNtCsdlE2Tj2UPPG_13aethelred_sdk4core6clientNtB2_15AethelredClient7rpc_url
FN:70,_RNvMNtNtCsdlE2Tj2UPPG_13aethelred_sdk4core6clientNtB2_15AethelredClient7testnet
FN:107,_RNvMNtNtCsdlE2Tj2UPPG_13aethelred_sdk4core6clientNtB2_15AethelredClient8chain_id
FNDA:0,_RINvMs_NtNtCsdlE2Tj2UPPG_13aethelred_sdk4core6clientNtB5_11ClientInner15handle_responsepEB9_
FNDA:0,_RINvMs_NtNtCsdlE2Tj2UPPG_13aethelred_sdk4core6clientNtB5_11ClientInner3getpEB9_
FNDA:0,_RINvMs_NtNtCsdlE2Tj2UPPG_13aethelred_sdk4core6clientNtB5_11ClientInner4postppEB9_
FNDA:0,_RNCINvMs_NtNtCsdlE2Tj2UPPG_13aethelred_sdk4core6clientNtB7_11ClientInner15handle_responsepE0Bb_
FNDA:0,_RNCINvMs_NtNtCsdlE2Tj2UPPG_13aethelred_sdk4core6clientNtB7_11ClientInner3getpE0Bb_
FNDA:0,_RNCINvMs_NtNtCsdlE2Tj2UPPG_13aethelred_sdk4core6clientNtB7_11ClientInner4postppE0Bb_
FNDA:0,_RNCNCINvMs_NtNtCsdlE2Tj2UPPG_13aethelred_sdk4core6clientNtB9_11ClientInner15handle_responsepE00Bd_
FNDA:0,_RNCNCINvMs_NtNtCsdlE2Tj2UPPG_13aethelred_sdk4core6clientNtB9_11ClientInner15handle_responsepE0s_0Bd_
FNDA:0,_RNCNCNvMNtNtCsdlE2Tj2UPPG_13aethelred_sdk4core6clientNtB6_15AethelredClient11with_config00Ba_
FNDA:0,_RNCNvMNtNtCsdlE2Tj2UPPG_13aethelred_sdk4core6clientNtB4_15AethelredClient11with_config0B8_
FNDA:0,_RNCNvMNtNtCsdlE2Tj2UPPG_13aethelred_sdk4core6clientNtB4_15AethelredClient12health_check0B8_
FNDA:0,_RNCNvMNtNtCsdlE2Tj2UPPG_13aethelred_sdk4core6clientNtB4_15AethelredClient13get_node_info0B8_
FNDA:0,_RNCNvMNtNtCsdlE2Tj2UPPG_13aethelred_sdk4core6clientNtB4_15AethelredClient3new0B8_
FNDA:0,_RNCNvMNtNtCsdlE2Tj2UPPG_13aethelred_sdk4core6clientNtB4_15AethelredClient5local0B8_
FNDA:0,_RNCNvMNtNtCsdlE2Tj2UPPG_13aethelred_sdk4core6clientNtB4_15AethelredClient7mainnet0B8_
FNDA:0,_RNCNvMNtNtCsdlE2Tj2UPPG_13aethelred_sdk4core6clientNtB4_15AethelredClient7testnet0B8_
FNDA:0,_RNvMNtNtCsdlE2Tj2UPPG_13aethelred_sdk4core6clientNtB2_15AethelredClient10validators
FNDA:0,_RNvMNtNtCsdlE2Tj2UPPG_13aethelred_sdk4core6clientNtB2_15AethelredClient11with_config
FNDA:0,_RNvMNtNtCsdlE2Tj2UPPG_13aethelred_sdk4core6clientNtB2_15AethelredClient12health_check
FNDA:0,_RNvMNtNtCsdlE2Tj2UPPG_13aethelred_sdk4core6clientNtB2_15AethelredClient12verification
FNDA:0,_RNvMNtNtCsdlE2Tj2UPPG_13aethelred_sdk4core6clientNtB2_15AethelredClient13get_node_info
FNDA:0,_RNvMNtNtCsdlE2Tj2UPPG_13aethelred_sdk4core6clientNtB2_15AethelredClient3new
FNDA:0,_RNvMNtNtCsdlE2Tj2UPPG_13aethelred_sdk4core6clientNtB2_15AethelredClient4jobs
FNDA:0,_RNvMNtNtCsdlE2Tj2UPPG_13aethelred_sdk4core6clientNtB2_15AethelredClient5local
FNDA:0,_RNvMNtNtCsdlE2Tj2UPPG_13aethelred_sdk4core6clientNtB2_15AethelredClient5seals
FNDA:0,_RNvMNtNtCsdlE2Tj2UPPG_13aethelred_sdk4core6clientNtB2_15AethelredClient6models
FNDA:0,_RNvMNtNtCsdlE2Tj2UPPG_13aethelred_sdk4core6clientNtB2_15AethelredClient7mainnet
FNDA:0,_RNvMNtNtCsdlE2Tj2UPPG_13aethelred_sdk4core6clientNtB2_15AethelredClient7rpc_url
FNDA:0,_RNvMNtNtCsdlE2Tj2UPPG_13aethelred_sdk4core6clientNtB2_15AethelredClient7testnet
FNDA:0,_RNvMNtNtCsdlE2Tj2UPPG_13aethelred_sdk4core6clientNtB2_15AethelredClient8chain_id
FNF:30
FNH:0
DA:29,0
DA:30,0
DA:31,0
DA:34,0
DA:35,0
DA:36,0
DA:37,0
DA:39,0
DA:40,0
DA:41,0
DA:42,0
DA:43,0
DA:44,0
DA:45,0
DA:46,0
DA:48,0
DA:49,0
DA:50,0
DA:51,0
DA:53,0
DA:55,0
DA:56,0
DA:57,0
DA:58,0
DA:59,0
DA:60,0
DA:61,0
DA:62,0
DA:63,0
DA:64,0
DA:67,0
DA:70,0
DA:73,0
DA:76,0
DA:79,0
DA:82,0
DA:85,0
DA:88,0
DA:91,0
DA:92,0
DA:93,0
DA:94,0
DA:95,0
DA:96,0
DA:99,0
DA:100,0
DA:101,0
DA:104,0
DA:107,0
DA:116,0
DA:117,0
DA:118,0
DA:119,0
DA:120,0
DA:122,0
DA:123,0
DA:124,0
DA:125,0
DA:126,0
DA:128,0
DA:129,0
DA:131,0
DA:132,0
DA:133,0
DA:134,0
DA:135,0
DA:136,0
DA:137,0
DA:139,0
DA:140,0
DA:141,0
DA:142,0
DA:143,0
DA:144,0
DA:145,0
DA:147,0
DA:148,0
DA:149,0
BRF:0
BRH:0
LF:92
LH:0
end_of_record
SF:/Users/rameshtamilselvan/Downloads/AethelredMVP/sdk/rust/src/core/config.rs
FN:68,_RINvMs0_NtNtCsdlE2Tj2UPPG_13aethelred_sdk4core6configNtB6_6Config12with_api_keypEBa_
FN:79,_RNCNvMs0_NtNtCsdlE2Tj2UPPG_13aethelred_sdk4core6configNtB7_6Config11get_rpc_url0Bb_
FN:83,_RNCNvMs0_NtNtCsdlE2Tj2UPPG_13aethelred_sdk4core6configNtB7_6Config12get_chain_id0Bb_
FN:14,_RNvMNtNtCsdlE2Tj2UPPG_13aethelred_sdk4core6configNtB2_7Network7rpc_url
FN:23,_RNvMNtNtCsdlE2Tj2UPPG_13aethelred_sdk4core6configNtB2_7Network8chain_id
FN:78,_RNvMs0_NtNtCsdlE2Tj2UPPG_13aethelred_sdk4core6configNtB5_6Config11get_rpc_url
FN:82,_RNvMs0_NtNtCsdlE2Tj2UPPG_13aethelred_sdk4core6configNtB5_6Config12get_chain_id
FN:73,_RNvMs0_NtNtCsdlE2Tj2UPPG_13aethelred_sdk4core6configNtB5_6Config12with_timeout
FN:59,_RNvMs0_NtNtCsdlE2Tj2UPPG_13aethelred_sdk4core6configNtB5_6Config3new
FN:66,_RNvMs0_NtNtCsdlE2Tj2UPPG_13aethelred_sdk4core6configNtB5_6Config5local
FN:65,_RNvMs0_NtNtCsdlE2Tj2UPPG_13aethelred_sdk4core6configNtB5_6Config6devnet
FN:63,_RNvMs0_NtNtCsdlE2Tj2UPPG_13aethelred_sdk4core6configNtB5_6Config7mainnet
FN:64,_RNvMs0_NtNtCsdlE2Tj2UPPG_13aethelred_sdk4core6configNtB5_6Config7testnet
FN:45,_RNvXs_NtNtCsdlE2Tj2UPPG_13aethelred_sdk4core6configNtB4_6ConfigNtNtCs2CqrNpCrSUr_4core7default7Default7default
FNDA:0,_RINvMs0_NtNtCsdlE2Tj2UPPG_13aethelred_sdk4core6configNtB6_6Config12with_api_keypEBa_
FNDA:0,_RNCNvMs0_NtNtCsdlE2Tj2UPPG_13aethelred_sdk4core6configNtB7_6Config11get_rpc_url0Bb_
FNDA:0,_RNCNvMs0_NtNtCsdlE2Tj2UPPG_13aethelred_sdk4core6configNtB7_6Config12get_chain_id0Bb_
FNDA:0,_RNvMNtNtCsdlE2Tj2UPPG_13aethelred_sdk4core6configNtB2_7Network7rpc_url
FNDA:0,_RNvMNtNtCsdlE2Tj2UPPG_13aethelred_sdk4core6configNtB2_7Network8chain_id
FNDA:0,_RNvMs0_NtNtCsdlE2Tj2UPPG_13aethelred_sdk4core6configNtB5_6Config11get_rpc_url
FNDA:0,_RNvMs0_NtNtCsdlE2Tj2UPPG_13aethelred_sdk4core6configNtB5_6Config12get_chain_id
FNDA:0,_RNvMs0_NtNtCsdlE2Tj2UPPG_13aethelred_sdk4core6configNtB5_6Config12with_timeout
FNDA:0,_RNvMs0_NtNtCsdlE2Tj2UPPG_13aethelred_sdk4core6configNtB5_6Config3new
FNDA:0,_RNvMs0_NtNtCsdlE2Tj2UPPG_13aethelred_sdk4core6configNtB5_6Config5local
FNDA:0,_RNvMs0_NtNtCsdlE2Tj2UPPG_13aethelred_sdk4core6configNtB5_6Config6devnet
FNDA:0,_RNvMs0_NtNtCsdlE2Tj2UPPG_13aethelred_sdk4core6configNtB5_6Config7mainnet
FNDA:0,_RNvMs0_NtNtCsdlE2Tj2UPPG_13aethelred_sdk4core6configNtB5_6Config7testnet
FNDA:0,_RNvXs_NtNtCsdlE2Tj2UPPG_13aethelred_sdk4core6configNtB4_6ConfigNtNtCs2CqrNpCrSUr_4core7default7Default7default
FNF:14
FNH:0
DA:14,0
DA:15,0
DA:16,0
DA:17,0
DA:18,0
DA:19,0
DA:21,0
DA:23,0
DA:24,0
DA:25,0
DA:26,0
DA:27,0
DA:28,0
DA:30,0
DA:45,0
DA:46,0
DA:47,0
DA:48,0
DA:49,0
DA:50,0
DA:51,0
DA:52,0
DA:53,0
DA:54,0
DA:55,0
DA:59,0
DA:60,0
DA:61,0
DA:63,0
DA:64,0
DA:65,0
DA:66,0
DA:68,0
DA:69,0
DA:70,0
DA:71,0
DA:73,0
DA:74,0
DA:75,0
DA:76,0
DA:78,0
DA:79,0
DA:80,0
DA:82,0
DA:83,0
DA:84,0
BRF:0
BRH:0
LF:48
LH:0
end_of_record
SF:/Users/rameshtamilselvan/Downloads/AethelredMVP/sdk/rust/src/crypto/mod.rs
FN:13,_RNvNtCsdlE2Tj2UPPG_13aethelred_sdk6crypto10sha256_hex
FN:6,_RNvNtCsdlE2Tj2UPPG_13aethelred_sdk6crypto6sha256
FN:18,_RNvNtCsdlE2Tj2UPPG_13aethelred_sdk6crypto6to_hex
FN:23,_RNvNtCsdlE2Tj2UPPG_13aethelred_sdk6crypto8from_hex
FNDA:0,_RNvNtCsdlE2Tj2UPPG_13aethelred_sdk6crypto10sha256_hex
FNDA:0,_RNvNtCsdlE2Tj2UPPG_13aethelred_sdk6crypto6sha256
FNDA:0,_RNvNtCsdlE2Tj2UPPG_13aethelred_sdk6crypto6to_hex
FNDA:0,_RNvNtCsdlE2Tj2UPPG_13aethelred_sdk6crypto8from_hex
FNF:4
FNH:0
DA:6,0
DA:7,0
DA:8,0
DA:9,0
DA:10,0
DA:13,0
DA:14,0
DA:15,0
DA:18,0
DA:19,0
DA:20,0
DA:23,0
DA:24,0
DA:25,0
BRF:0
BRH:0
LF:14
LH:0
end_of_record
SF:/Users/rameshtamilselvan/Downloads/AethelredMVP/sdk/rust/src/jobs/mod.rs
FN:76,_RNCNvMNtCsdlE2Tj2UPPG_13aethelred_sdk4jobsNtB4_10JobsModule19wait_for_completion0B6_
FN:49,_RNCNvMNtCsdlE2Tj2UPPG_13aethelred_sdk4jobsNtB4_10JobsModule3get0B6_
FN:57,_RNCNvMNtCsdlE2Tj2UPPG_13aethelred_sdk4jobsNtB4_10JobsModule4list0B6_
FN:65,_RNCNvMNtCsdlE2Tj2UPPG_13aethelred_sdk4jobsNtB4_10JobsModule6cancel0B6_
FN:44,_RNCNvMNtCsdlE2Tj2UPPG_13aethelred_sdk4jobsNtB4_10JobsModule6submit0B6_
FN:71,_RNvMNtCsdlE2Tj2UPPG_13aethelred_sdk4jobsNtB2_10JobsModule19wait_for_completion
FN:49,_RNvMNtCsdlE2Tj2UPPG_13aethelred_sdk4jobsNtB2_10JobsModule3get
FN:39,_RNvMNtCsdlE2Tj2UPPG_13aethelred_sdk4jobsNtB2_10JobsModule3new
FN:57,_RNvMNtCsdlE2Tj2UPPG_13aethelred_sdk4jobsNtB2_10JobsModule4list
FN:65,_RNvMNtCsdlE2Tj2UPPG_13aethelred_sdk4jobsNtB2_10JobsModule6cancel
FN:44,_RNvMNtCsdlE2Tj2UPPG_13aethelred_sdk4jobsNtB2_10JobsModule6submit
FNDA:0,_RNCNvMNtCsdlE2Tj2UPPG_13aethelred_sdk4jobsNtB4_10JobsModule19wait_for_completion0B6_
FNDA:0,_RNCNvMNtCsdlE2Tj2UPPG_13aethelred_sdk4jobsNtB4_10JobsModule3get0B6_
FNDA:0,_RNCNvMNtCsdlE2Tj2UPPG_13aethelred_sdk4jobsNtB4_10JobsModule4list0B6_
FNDA:0,_RNCNvMNtCsdlE2Tj2UPPG_13aethelred_sdk4jobsNtB4_10JobsModule6cancel0B6_
FNDA:0,_RNCNvMNtCsdlE2Tj2UPPG_13aethelred_sdk4jobsNtB4_10JobsModule6submit0B6_
FNDA:0,_RNvMNtCsdlE2Tj2UPPG_13aethelred_sdk4jobsNtB2_10JobsModule19wait_for_completion
FNDA:0,_RNvMNtCsdlE2Tj2UPPG_13aethelred_sdk4jobsNtB2_10JobsModule3get
FNDA:0,_RNvMNtCsdlE2Tj2UPPG_13aethelred_sdk4jobsNtB2_10JobsModule3new
FNDA:0,_RNvMNtCsdlE2Tj2UPPG_13aethelred_sdk4jobsNtB2_10JobsModule4list
FNDA:0,_RNvMNtCsdlE2Tj2UPPG_13aethelred_sdk4jobsNtB2_10JobsModule6cancel
FNDA:0,_RNvMNtCsdlE2Tj2UPPG_13aethelred_sdk4jobsNtB2_10JobsModule6submit
FNF:11
FNH:0
DA:39,0
DA:40,0
DA:41,0
DA:44,0
DA:45,0
DA:46,0
DA:49,0
DA:52,0
DA:53,0
DA:54,0
DA:57,0
DA:60,0
DA:61,0
DA:62,0
DA:65,0
DA:66,0
DA:67,0
DA:68,0
DA:71,0
DA:72,0
DA:73,0
DA:74,0
DA:75,0
DA:76,0
DA:77,0
DA:80,0
DA:82,0
DA:84,0
DA:86,0
DA:89,0
DA:90,0
DA:91,0
DA:93,0
DA:95,0
BRF:0
BRH:0
LF:39
LH:0
end_of_record
SF:/Users/rameshtamilselvan/Downloads/AethelredMVP/sdk/rust/src/lib.rs
FN:194,_RNvCsdlE2Tj2UPPG_13aethelred_sdk12get_sdk_info
FN:310,_RNvNtCsdlE2Tj2UPPG_13aethelred_sdk5testss_12test_version
FN:315,_RNvNtCsdlE2Tj2UPPG_13aethelred_sdk5testss_13test_sdk_info
FNDA:1,_RNvCsdlE2Tj2UPPG_13aethelred_sdk12get_sdk_info
FNDA:1,_RNvNtCsdlE2Tj2UPPG_13aethelred_sdk5testss_12test_version
FNDA:1,_RNvNtCsdlE2Tj2UPPG_13aethelred_sdk5testss_13test_sdk_info
FNF:3
FNH:3
DA:194,1
DA:195,1
DA:196,1
DA:197,1
DA:198,1
DA:199,1
DA:200,1
DA:201,1
DA:202,1
DA:203,1
DA:204,1
DA:205,1
DA:206,1
DA:207,1
DA:208,1
DA:209,1
DA:210,1
DA:211,1
DA:212,1
DA:213,1
DA:214,1
DA:215,1
DA:216,1
DA:217,1
DA:218,1
DA:219,1
DA:220,1
DA:221,1
DA:222,1
DA:223,1
DA:224,1
DA:225,1
DA:226,1
DA:227,1
DA:228,1
DA:229,1
DA:230,1
DA:231,1
DA:232,1
DA:233,1
DA:234,1
DA:235,1
DA:236,1
DA:237,1
DA:238,1
DA:239,1
DA:240,1
DA:241,1
DA:242,1
DA:243,1
DA:244,1
DA:245,1
DA:246,1
DA:247,1
DA:248,1
DA:249,1
DA:250,1
DA:251,1
DA:252,1
DA:310,1
DA:311,1
DA:312,1
DA:315,1
DA:316,1
DA:317,1
DA:318,1
DA:319,1
BRF:0
BRH:0
LF:67
LH:67
end_of_record
SF:/Users/rameshtamilselvan/Downloads/AethelredMVP/sdk/rust/src/models/mod.rs
FN:43,_RNCNvMNtCsdlE2Tj2UPPG_13aethelred_sdk6modelsNtB4_12ModelsModule3get0B6_
FN:50,_RNCNvMNtCsdlE2Tj2UPPG_13aethelred_sdk6modelsNtB4_12ModelsModule4list0B6_
FN:39,_RNCNvMNtCsdlE2Tj2UPPG_13aethelred_sdk6modelsNtB4_12ModelsModule8register0B6_
FN:43,_RNvMNtCsdlE2Tj2UPPG_13aethelred_sdk6modelsNtB2_12ModelsModule3get
FN:35,_RNvMNtCsdlE2Tj2UPPG_13aethelred_sdk6modelsNtB2_12ModelsModule3new
FN:50,_RNvMNtCsdlE2Tj2UPPG_13aethelred_sdk6modelsNtB2_12ModelsModule4list
FN:39,_RNvMNtCsdlE2Tj2UPPG_13aethelred_sdk6modelsNtB2_12ModelsModule8register
FNDA:0,_RNCNvMNtCsdlE2Tj2UPPG_13aethelred_sdk6modelsNtB4_12ModelsModule3get0B6_
FNDA:0,_RNCNvMNtCsdlE2Tj2UPPG_13aethelred_sdk6modelsNtB4_12ModelsModule4list0B6_
FNDA:0,_RNCNvMNtCsdlE2Tj2UPPG_13aethelred_sdk6modelsNtB4_12ModelsModule8register0B6_
FNDA:0,_RNvMNtCsdlE2Tj2UPPG_13aethelred_sdk6modelsNtB2_12ModelsModule3get
FNDA:0,_RNvMNtCsdlE2Tj2UPPG_13aethelred_sdk6modelsNtB2_12ModelsModule3new
FNDA:0,_RNvMNtCsdlE2Tj2UPPG_13aethelred_sdk6modelsNtB2_12ModelsModule4list
FNDA:0,_RNvMNtCsdlE2Tj2UPPG_13aethelred_sdk6modelsNtB2_12ModelsModule8register
FNF:7
FNH:0
DA:35,0
DA:36,0
DA:37,0
DA:39,0
DA:40,0
DA:41,0
DA:43,0
DA:46,0
DA:47,0
DA:48,0
DA:50,0
DA:53,0
DA:54,0
DA:55,0
BRF:0
BRH:0
LF:17
LH:0
end_of_record
SF:/Users/rameshtamilselvan/Downloads/AethelredMVP/sdk/rust/src/nn/mod.rs
FN:220,_RNCNvMs1_NtCsdlE2Tj2UPPG_13aethelred_sdk2nnNtB7_6Linear9with_bias0B9_
FN:228,_RNCNvMs1_NtCsdlE2Tj2UPPG_13aethelred_sdk2nnNtB7_6Linear9with_biass0_0B9_
FN:229,_RNCNvMs1_NtCsdlE2Tj2UPPG_13aethelred_sdk2nnNtB7_6Linear9with_biass1_0B9_
FN:221,_RNCNvMs1_NtCsdlE2Tj2UPPG_13aethelred_sdk2nnNtB7_6Linear9with_biass_0B9_
FN:583,_RNCNvMsg_NtCsdlE2Tj2UPPG_13aethelred_sdk2nnNtB7_9Embedding12with_padding0B9_
FN:116,_RNCNvYpNtNtCsdlE2Tj2UPPG_13aethelred_sdk2nn6Module14num_parameters0B9_
FN:31,_RNvMNtCsdlE2Tj2UPPG_13aethelred_sdk2nnNtB2_9Parameter3new
FN:40,_RNvMNtCsdlE2Tj2UPPG_13aethelred_sdk2nnNtB2_9Parameter4grad
FN:50,_RNvMNtCsdlE2Tj2UPPG_13aethelred_sdk2nnNtB2_9Parameter6detach
FN:45,_RNvMNtCsdlE2Tj2UPPG_13aethelred_sdk2nnNtB2_9Parameter9zero_grad
FN:209,_RNvMs1_NtCsdlE2Tj2UPPG_13aethelred_sdk2nnNtB5_6Linear3new
FN:214,_RNvMs1_NtCsdlE2Tj2UPPG_13aethelred_sdk2nnNtB5_6Linear9with_bias
FN:357,_RNvMs8_NtCsdlE2Tj2UPPG_13aethelred_sdk2nnNtB5_7Softmax3new
FN:148,_RNvMs_NtCsdlE2Tj2UPPG_13aethelred_sdk2nnNtB4_10Sequential3add
FN:153,_RNvMs_NtCsdlE2Tj2UPPG_13aethelred_sdk2nnNtB4_10Sequential3len
FN:140,_RNvMs_NtCsdlE2Tj2UPPG_13aethelred_sdk2nnNtB4_10Sequential3new
FN:158,_RNvMs_NtCsdlE2Tj2UPPG_13aethelred_sdk2nnNtB4_10Sequential8is_empty
FN:395,_RNvMsa_NtCsdlE2Tj2UPPG_13aethelred_sdk2nnNtB5_9LayerNorm12with_options
FN:390,_RNvMsa_NtCsdlE2Tj2UPPG_13aethelred_sdk2nnNtB5_9LayerNorm3new
FN:473,_RNvMsc_NtCsdlE2Tj2UPPG_13aethelred_sdk2nnNtB5_7RMSNorm3new
FN:478,_RNvMsc_NtCsdlE2Tj2UPPG_13aethelred_sdk2nnNtB5_7RMSNorm8with_eps
FN:530,_RNvMse_NtCsdlE2Tj2UPPG_13aethelred_sdk2nnNtB5_7Dropout3new
FN:578,_RNvMsg_NtCsdlE2Tj2UPPG_13aethelred_sdk2nnNtB5_9Embedding12with_padding
FN:573,_RNvMsg_NtCsdlE2Tj2UPPG_13aethelred_sdk2nnNtB5_9Embedding3new
FN:636,_RNvMsi_NtCsdlE2Tj2UPPG_13aethelred_sdk2nnNtB5_7MSELoss14with_reduction
FN:631,_RNvMsi_NtCsdlE2Tj2UPPG_13aethelred_sdk2nnNtB5_7MSELoss3new
FN:643,_RNvMsi_NtCsdlE2Tj2UPPG_13aethelred_sdk2nnNtB5_7MSELoss7forward
FN:675,_RNvMsk_NtCsdlE2Tj2UPPG_13aethelred_sdk2nnNtB5_16CrossEntropyLoss12with_options
FN:670,_RNvMsk_NtCsdlE2Tj2UPPG_13aethelred_sdk2nnNtB5_16CrossEntropyLoss3new
FN:683,_RNvMsk_NtCsdlE2Tj2UPPG_13aethelred_sdk2nnNtB5_16CrossEntropyLoss7forward
FN:727,_RNvMsm_NtCsdlE2Tj2UPPG_13aethelred_sdk2nnNtB5_10ModuleList3get
FN:732,_RNvMsm_NtCsdlE2Tj2UPPG_13aethelred_sdk2nnNtB5_10ModuleList3len
FN:719,_RNvMsm_NtCsdlE2Tj2UPPG_13aethelred_sdk2nnNtB5_10ModuleList3new
FN:742,_RNvMsm_NtCsdlE2Tj2UPPG_13aethelred_sdk2nnNtB5_10ModuleList4iter
FN:737,_RNvMsm_NtCsdlE2Tj2UPPG_13aethelred_sdk2nnNtB5_10ModuleList8is_empty
FN:176,_RNvXs0_NtCsdlE2Tj2UPPG_13aethelred_sdk2nnNtB5_10SequentialNtB5_6Module10parameters
FN:191,_RNvXs0_NtCsdlE2Tj2UPPG_13aethelred_sdk2nnNtB5_10SequentialNtB5_6Module11is_training
FN:172,_RNvXs0_NtCsdlE2Tj2UPPG_13aethelred_sdk2nnNtB5_10SequentialNtB5_6Module4name
FN:184,_RNvXs0_NtCsdlE2Tj2UPPG_13aethelred_sdk2nnNtB5_10SequentialNtB5_6Module5train
FN:164,_RNvXs0_NtCsdlE2Tj2UPPG_13aethelred_sdk2nnNtB5_10SequentialNtB5_6Module7forward
FN:266,_RNvXs2_NtCsdlE2Tj2UPPG_13aethelred_sdk2nnNtB5_6LinearNtB5_6Module10parameters
FN:278,_RNvXs2_NtCsdlE2Tj2UPPG_13aethelred_sdk2nnNtB5_6LinearNtB5_6Module11is_training
FN:262,_RNvXs2_NtCsdlE2Tj2UPPG_13aethelred_sdk2nnNtB5_6LinearNtB5_6Module4name
FN:274,_RNvXs2_NtCsdlE2Tj2UPPG_13aethelred_sdk2nnNtB5_6LinearNtB5_6Module5train
FN:250,_RNvXs2_NtCsdlE2Tj2UPPG_13aethelred_sdk2nnNtB5_6LinearNtB5_6Module7forward
FN:293,_RNvXs3_NtCsdlE2Tj2UPPG_13aethelred_sdk2nnNtB5_4ReLUNtB5_6Module4name
FN:289,_RNvXs3_NtCsdlE2Tj2UPPG_13aethelred_sdk2nnNtB5_4ReLUNtB5_6Module7forward
FN:306,_RNvXs4_NtCsdlE2Tj2UPPG_13aethelred_sdk2nnNtB5_4GELUNtB5_6Module4name
FN:302,_RNvXs4_NtCsdlE2Tj2UPPG_13aethelred_sdk2nnNtB5_4GELUNtB5_6Module7forward
FN:319,_RNvXs5_NtCsdlE2Tj2UPPG_13aethelred_sdk2nnNtB5_4SiLUNtB5_6Module4name
FN:315,_RNvXs5_NtCsdlE2Tj2UPPG_13aethelred_sdk2nnNtB5_4SiLUNtB5_6Module7forward
FN:332,_RNvXs6_NtCsdlE2Tj2UPPG_13aethelred_sdk2nnNtB5_7SigmoidNtB5_6Module4name
FN:328,_RNvXs6_NtCsdlE2Tj2UPPG_13aethelred_sdk2nnNtB5_7SigmoidNtB5_6Module7forward
FN:345,_RNvXs7_NtCsdlE2Tj2UPPG_13aethelred_sdk2nnNtB5_4TanhNtB5_6Module4name
FN:341,_RNvXs7_NtCsdlE2Tj2UPPG_13aethelred_sdk2nnNtB5_4TanhNtB5_6Module7forward
FN:372,_RNvXs9_NtCsdlE2Tj2UPPG_13aethelred_sdk2nnNtB5_7SoftmaxNtB5_6Module4name
FN:363,_RNvXs9_NtCsdlE2Tj2UPPG_13aethelred_sdk2nnNtB5_7SoftmaxNtB5_6Module7forward
FN:447,_RNvXsb_NtCsdlE2Tj2UPPG_13aethelred_sdk2nnNtB5_9LayerNormNtB5_6Module10parameters
FN:443,_RNvXsb_NtCsdlE2Tj2UPPG_13aethelred_sdk2nnNtB5_9LayerNormNtB5_6Module4name
FN:458,_RNvXsb_NtCsdlE2Tj2UPPG_13aethelred_sdk2nnNtB5_9LayerNormNtB5_6Module5train
FN:424,_RNvXsb_NtCsdlE2Tj2UPPG_13aethelred_sdk2nnNtB5_9LayerNormNtB5_6Module7forward
FN:511,_RNvXsd_NtCsdlE2Tj2UPPG_13aethelred_sdk2nnNtB5_7RMSNormNtB5_6Module10parameters
FN:507,_RNvXsd_NtCsdlE2Tj2UPPG_13aethelred_sdk2nnNtB5_7RMSNormNtB5_6Module4name
FN:515,_RNvXsd_NtCsdlE2Tj2UPPG_13aethelred_sdk2nnNtB5_7RMSNormNtB5_6Module5train
FN:495,_RNvXsd_NtCsdlE2Tj2UPPG_13aethelred_sdk2nnNtB5_7RMSNormNtB5_6Module7forward
FN:555,_RNvXsf_NtCsdlE2Tj2UPPG_13aethelred_sdk2nnNtB5_7DropoutNtB5_6Module11is_training
FN:547,_RNvXsf_NtCsdlE2Tj2UPPG_13aethelred_sdk2nnNtB5_7DropoutNtB5_6Module4name
FN:551,_RNvXsf_NtCsdlE2Tj2UPPG_13aethelred_sdk2nnNtB5_7DropoutNtB5_6Module5train
FN:536,_RNvXsf_NtCsdlE2Tj2UPPG_13aethelred_sdk2nnNtB5_7DropoutNtB5_6Module7forward
FN:613,_RNvXsh_NtCsdlE2Tj2UPPG_13aethelred_sdk2nnNtB5_9EmbeddingNtB5_6Module10parameters
FN:609,_RNvXsh_NtCsdlE2Tj2UPPG_13aethelred_sdk2nnNtB5_9EmbeddingNtB5_6Module4name
FN:617,_RNvXsh_NtCsdlE2Tj2UPPG_13aethelred_sdk2nnNtB5_9EmbeddingNtB5_6Module5train
FN:598,_RNvXsh_NtCsdlE2Tj2UPPG_13aethelred_sdk2nnNtB5_9EmbeddingNtB5_6Module7forward
FN:657,_RNvXsj_NtCsdlE2Tj2UPPG_13aethelred_sdk2nnNtB5_7MSELossNtNtCs2CqrNpCrSUr_4core7default7Default7default
FN:704,_RNvXsl_NtCsdlE2Tj2UPPG_13aethelred_sdk2nnNtB5_16CrossEntropyLossNtNtCs2CqrNpCrSUr_4core7default7Default7default
FN:757,_RNvXsn_NtCsdlE2Tj2UPPG_13aethelred_sdk2nnNtB5_10ModuleListNtB5_6Module10parameters
FN:753,_RNvXsn_NtCsdlE2Tj2UPPG_13aethelred_sdk2nnNtB5_10ModuleListNtB5_6Module4name
FN:765,_RNvXsn_NtCsdlE2Tj2UPPG_13aethelred_sdk2nnNtB5_10ModuleListNtB5_6Module5train
FN:748,_RNvXsn_NtCsdlE2Tj2UPPG_13aethelred_sdk2nnNtB5_10ModuleListNtB5_6Module7forward
FN:68,_RNvYpNtNtCsdlE2Tj2UPPG_13aethelred_sdk2nn6Module10parametersB7_
FN:101,_RNvYpNtNtCsdlE2Tj2UPPG_13aethelred_sdk2nn6Module10state_dictB7_
FN:96,_RNvYpNtNtCsdlE2Tj2UPPG_13aethelred_sdk2nn6Module11is_trainingB7_
FN:83,_RNvYpNtNtCsdlE2Tj2UPPG_13aethelred_sdk2nn6Module13named_modulesB7_
FN:115,_RNvYpNtNtCsdlE2Tj2UPPG_13aethelred_sdk2nn6Module14num_parametersB7_
FN:110,_RNvYpNtNtCsdlE2Tj2UPPG_13aethelred_sdk2nn6Module15load_state_dictB7_
FN:73,_RNvYpNtNtCsdlE2Tj2UPPG_13aethelred_sdk2nn6Module16named_parametersB7_
FN:91,_RNvYpNtNtCsdlE2Tj2UPPG_13aethelred_sdk2nn6Module4evalB7_
FN:63,_RNvYpNtNtCsdlE2Tj2UPPG_13aethelred_sdk2nn6Module4nameB7_
FN:88,_RNvYpNtNtCsdlE2Tj2UPPG_13aethelred_sdk2nn6Module5trainB7_
FN:78,_RNvYpNtNtCsdlE2Tj2UPPG_13aethelred_sdk2nn6Module7modulesB7_
FN:125,_RNvYpNtNtCsdlE2Tj2UPPG_13aethelred_sdk2nn6Module9to_deviceB7_
FN:120,_RNvYpNtNtCsdlE2Tj2UPPG_13aethelred_sdk2nn6Module9zero_gradB7_
FNDA:0,_RNCNvMs1_NtCsdlE2Tj2UPPG_13aethelred_sdk2nnNtB7_6Linear9with_bias0B9_
FNDA:0,_RNCNvMs1_NtCsdlE2Tj2UPPG_13aethelred_sdk2nnNtB7_6Linear9with_biass0_0B9_
FNDA:0,_RNCNvMs1_NtCsdlE2Tj2UPPG_13aethelred_sdk2nnNtB7_6Linear9with_biass1_0B9_
FNDA:0,_RNCNvMs1_NtCsdlE2Tj2UPPG_13aethelred_sdk2nnNtB7_6Linear9with_biass_0B9_
FNDA:0,_RNCNvMsg_NtCsdlE2Tj2UPPG_13aethelred_sdk2nnNtB7_9Embedding12with_padding0B9_
FNDA:0,_RNCNvYpNtNtCsdlE2Tj2UPPG_13aethelred_sdk2nn6Module14num_parameters0B9_
FNDA:0,_RNvMNtCsdlE2Tj2UPPG_13aethelred_sdk2nnNtB2_9Parameter3new
FNDA:0,_RNvMNtCsdlE2Tj2UPPG_13aethelred_sdk2nnNtB2_9Parameter4grad
FNDA:0,_RNvMNtCsdlE2Tj2UPPG_13aethelred_sdk2nnNtB2_9Parameter6detach
FNDA:0,_RNvMNtCsdlE2Tj2UPPG_13aethelred_sdk2nnNtB2_9Parameter9zero_grad
FNDA:0,_RNvMs1_NtCsdlE2Tj2UPPG_13aethelred_sdk2nnNtB5_6Linear3new
FNDA:0,_RNvMs1_NtCsdlE2Tj2UPPG_13aethelred_sdk2nnNtB5_6Linear9with_bias
FNDA:0,_RNvMs8_NtCsdlE2Tj2UPPG_13aethelred_sdk2nnNtB5_7Softmax3new
FNDA:0,_RNvMs_NtCsdlE2Tj2UPPG_13aethelred_sdk2nnNtB4_10Sequential3add
FNDA:0,_RNvMs_NtCsdlE2Tj2UPPG_13aethelred_sdk2nnNtB4_10Sequential3len
FNDA:0,_RNvMs_NtCsdlE2Tj2UPPG_13aethelred_sdk2nnNtB4_10Sequential3new
FNDA:0,_RNvMs_NtCsdlE2Tj2UPPG_13aethelred_sdk2nnNtB4_10Sequential8is_empty
FNDA:0,_RNvMsa_NtCsdlE2Tj2UPPG_13aethelred_sdk2nnNtB5_9LayerNorm12with_options
FNDA:0,_RNvMsa_NtCsdlE2Tj2UPPG_13aethelred_sdk2nnNtB5_9LayerNorm3new
FNDA:0,_RNvMsc_NtCsdlE2Tj2UPPG_13aethelred_sdk2nnNtB5_7RMSNorm3new
FNDA:0,_RNvMsc_NtCsdlE2Tj2UPPG_13aethelred_sdk2nnNtB5_7RMSNorm8with_eps
FNDA:0,_RNvMse_NtCsdlE2Tj2UPPG_13aethelred_sdk2nnNtB5_7Dropout3new
FNDA:0,_RNvMsg_NtCsdlE2Tj2UPPG_13aethelred_sdk2nnNtB5_9Embedding12with_padding
FNDA:0,_RNvMsg_NtCsdlE2Tj2UPPG_13aethelred_sdk2nnNtB5_9Embedding3new
FNDA:0,_RNvMsi_NtCsdlE2Tj2UPPG_13aethelred_sdk2nnNtB5_7MSELoss14with_reduction
FNDA:0,_RNvMsi_NtCsdlE2Tj2UPPG_13aethelred_sdk2nnNtB5_7MSELoss3new
FNDA:0,_RNvMsi_NtCsdlE2Tj2UPPG_13aethelred_sdk2nnNtB5_7MSELoss7forward
FNDA:0,_RNvMsk_NtCsdlE2Tj2UPPG_13aethelred_sdk2nnNtB5_16CrossEntropyLoss12with_options
FNDA:0,_RNvMsk_NtCsdlE2Tj2UPPG_13aethelred_sdk2nnNtB5_16CrossEntropyLoss3new
FNDA:0,_RNvMsk_NtCsdlE2Tj2UPPG_13aethelred_sdk2nnNtB5_16CrossEntropyLoss7forward
FNDA:0,_RNvMsm_NtCsdlE2Tj2UPPG_13aethelred_sdk2nnNtB5_10ModuleList3get
FNDA:0,_RNvMsm_NtCsdlE2Tj2UPPG_13aethelred_sdk2nnNtB5_10ModuleList3len
FNDA:0,_RNvMsm_NtCsdlE2Tj2UPPG_13aethelred_sdk2nnNtB5_10ModuleList3new
FNDA:0,_RNvMsm_NtCsdlE2Tj2UPPG_13aethelred_sdk2nnNtB5_10ModuleList4iter
FNDA:0,_RNvMsm_NtCsdlE2Tj2UPPG_13aethelred_sdk2nnNtB5_10ModuleList8is_empty
FNDA:0,_RNvXs0_NtCsdlE2Tj2UPPG_13aethelred_sdk2nnNtB5_10SequentialNtB5_6Module10parameters
FNDA:0,_RNvXs0_NtCsdlE2Tj2UPPG_13aethelred_sdk2nnNtB5_10SequentialNtB5_6Module11is_training
FNDA:0,_RNvXs0_NtCsdlE2Tj2UPPG_13aethelred_sdk2nnNtB5_10SequentialNtB5_6Module4name
FNDA:0,_RNvXs0_NtCsdlE2Tj2UPPG_13aethelred_sdk2nnNtB5_10SequentialNtB5_6Module5train
FNDA:0,_RNvXs0_NtCsdlE2Tj2UPPG_13aethelred_sdk2nnNtB5_10SequentialNtB5_6Module7forward
FNDA:0,_RNvXs2_NtCsdlE2Tj2UPPG_13aethelred_sdk2nnNtB5_6LinearNtB5_6Module10parameters
FNDA:0,_RNvXs2_NtCsdlE2Tj2UPPG_13aethelred_sdk2nnNtB5_6LinearNtB5_6Module11is_training
FNDA:0,_RNvXs2_NtCsdlE2Tj2UPPG_13aethelred_sdk2nnNtB5_6LinearNtB5_6Module4name
FNDA:0,_RNvXs2_NtCsdlE2Tj2UPPG_13aethelred_sdk2nnNtB5_6LinearNtB5_6Module5train
FNDA:0,_RNvXs2_NtCsdlE2Tj2UPPG_13aethelred_sdk2nnNtB5_6LinearNtB5_6Module7forward
FNDA:0,_RNvXs3_NtCsdlE2Tj2UPPG_13aethelred_sdk2nnNtB5_4ReLUNtB5_6Module4name
FNDA:0,_RNvXs3_NtCsdlE2Tj2UPPG_13aethelred_sdk2nnNtB5_4ReLUNtB5_6Module7forward
FNDA:0,_RNvXs4_NtCsdlE2Tj2UPPG_13aethelred_sdk2nnNtB5_4GELUNtB5_6Module4name
FNDA:0,_RNvXs4_NtCsdlE2Tj2UPPG_13aethelred_sdk2nnNtB5_4GELUNtB5_6Module7forward
FNDA:0,_RNvXs5_NtCsdlE2Tj2UPPG_13aethelred_sdk2nnNtB5_4SiLUNtB5_6Module4name
FNDA:0,_RNvXs5_NtCsdlE2Tj2UPPG_13aethelred_sdk2nnNtB5_4SiLUNtB5_6Module7forward
FNDA:0,_RNvXs6_NtCsdlE2Tj2UPPG_13aethelred_sdk2nnNtB5_7SigmoidNtB5_6Module4name
FNDA:0,_RNvXs6_NtCsdlE2Tj2UPPG_13aethelred_sdk2nnNtB5_7SigmoidNtB5_6Module7forward
FNDA:0,_RNvXs7_NtCsdlE2Tj2UPPG_13aethelred_sdk2nnNtB5_4TanhNtB5_6Module4name
FNDA:0,_RNvXs7_NtCsdlE2Tj2UPPG_13aethelred_sdk2nnNtB5_4TanhNtB5_6Module7forward
FNDA:0,_RNvXs9_NtCsdlE2Tj2UPPG_13aethelred_sdk2nnNtB5_7SoftmaxNtB5_6Module4name
FNDA:0,_RNvXs9_NtCsdlE2Tj2UPPG_13aethelred_sdk2nnNtB5_7SoftmaxNtB5_6Module7forward
FNDA:0,_RNvXsb_NtCsdlE2Tj2UPPG_13aethelred_sdk2nnNtB5_9LayerNormNtB5_6Module10parameters
FNDA:0,_RNvXsb_NtCsdlE2Tj2UPPG_13aethelred_sdk2nnNtB5_9LayerNormNtB5_6Module4name
FNDA:0,_RNvXsb_NtCsdlE2Tj2UPPG_13aethelred_sdk2nnNtB5_9LayerNormNtB5_6Module5train
FNDA:0,_RNvXsb_NtCsdlE2Tj2UPPG_13aethelred_sdk2nnNtB5_9LayerNormNtB5_6Module7forward
FNDA:0,_RNvXsd_NtCsdlE2Tj2UPPG_13aethelred_sdk2nnNtB5_7RMSNormNtB5_6Module10parameters
FNDA:0,_RNvXsd_NtCsdlE2Tj2UPPG_13aethelred_sdk2nnNtB5_7RMSNormNtB5_6Module4name
FNDA:0,_RNvXsd_NtCsdlE2Tj2UPPG_13aethelred_sdk2nnNtB5_7RMSNormNtB5_6Module5train
FNDA:0,_RNvXsd_NtCsdlE2Tj2UPPG_13aethelred_sdk2nnNtB5_7RMSNormNtB5_6Module7forward
FNDA:0,_RNvXsf_NtCsdlE2Tj2UPPG_13aethelred_sdk2nnNtB5_7DropoutNtB5_6Module11is_training
FNDA:0,_RNvXsf_NtCsdlE2Tj2UPPG_13aethelred_sdk2nnNtB5_7DropoutNtB5_6Module4name
FNDA:0,_RNvXsf_NtCsdlE2Tj2UPPG_13aethelred_sdk2nnNtB5_7DropoutNtB5_6Module5train
FNDA:0,_RNvXsf_NtCsdlE2Tj2UPPG_13aethelred_sdk2nnNtB5_7DropoutNtB5_6Module7forward
FNDA:0,_RNvXsh_NtCsdlE2Tj2UPPG_13aethelred_sdk2nnNtB5_9EmbeddingNtB5_6Module10parameters
FNDA:0,_RNvXsh_NtCsdlE2Tj2UPPG_13aethelred_sdk2nnNtB5_9EmbeddingNtB5_6Module4name
FNDA:0,_RNvXsh_NtCsdlE2Tj2UPPG_13aethelred_sdk2nnNtB5_9EmbeddingNtB5_6Module5train
FNDA:0,_RNvXsh_NtCsdlE2Tj2UPPG_13aethelred_sdk2nnNtB5_9EmbeddingNtB5_6Module7forward
FNDA:0,_RNvXsj_NtCsdlE2Tj2UPPG_13aethelred_sdk2nnNtB5_7MSELossNtNtCs2CqrNpCrSUr_4core7default7Default7default
FNDA:0,_RNvXsl_NtCsdlE2Tj2UPPG_13aethelred_sdk2nnNtB5_16CrossEntropyLossNtNtCs2CqrNpCrSUr_4core7default7Default7default
FNDA:0,_RNvXsn_NtCsdlE2Tj2UPPG_13aethelred_sdk2nnNtB5_10ModuleListNtB5_6Module10parameters
FNDA:0,_RNvXsn_NtCsdlE2Tj2UPPG_13aethelred_sdk2nnNtB5_10ModuleListNtB5_6Module4name
FNDA:0,_RNvXsn_NtCsdlE2Tj2UPPG_13aethelred_sdk2nnNtB5_10ModuleListNtB5_6Module5train
FNDA:0,_RNvXsn_NtCsdlE2Tj2UPPG_13aethelred_sdk2nnNtB5_10ModuleListNtB5_6Module7forward
FNDA:0,_RNvYpNtNtCsdlE2Tj2UPPG_13aethelred_sdk2nn6Module10parametersB7_
FNDA:0,_RNvYpNtNtCsdlE2Tj2UPPG_13aethelred_sdk2nn6Module10state_dictB7_
FNDA:0,_RNvYpNtNtCsdlE2Tj2UPPG_13aethelred_sdk2nn6Module11is_trainingB7_
FNDA:0,_RNvYpNtNtCsdlE2Tj2UPPG_13aethelred_sdk2nn6Module13named_modulesB7_
FNDA:0,_RNvYpNtNtCsdlE2Tj2UPPG_13aethelred_sdk2nn6Module14num_parametersB7_
FNDA:0,_RNvYpNtNtCsdlE2Tj2UPPG_13aethelred_sdk2nn6Module15load_state_dictB7_
FNDA:0,_RNvYpNtNtCsdlE2Tj2UPPG_13aethelred_sdk2nn6Module16named_parametersB7_
FNDA:0,_RNvYpNtNtCsdlE2Tj2UPPG_13aethelred_sdk2nn6Module4evalB7_
FNDA:0,_RNvYpNtNtCsdlE2Tj2UPPG_13aethelred_sdk2nn6Module4nameB7_
FNDA:0,_RNvYpNtNtCsdlE2Tj2UPPG_13aethelred_sdk2nn6Module5trainB7_
FNDA:0,_RNvYpNtNtCsdlE2Tj2UPPG_13aethelred_sdk2nn6Module7modulesB7_
FNDA:0,_RNvYpNtNtCsdlE2Tj2UPPG_13aethelred_sdk2nn6Module9to_deviceB7_
FNDA:0,_RNvYpNtNtCsdlE2Tj2UPPG_13aethelred_sdk2nn6Module9zero_gradB7_
FNF:92
FNH:0
DA:31,0
DA:32,0
DA:33,0
DA:34,0
DA:35,0
DA:36,0
DA:37,0
DA:40,0
DA:41,0
DA:42,0
DA:45,0
DA:47,0
DA:50,0
DA:51,0
DA:52,0
DA:63,0
DA:64,0
DA:65,0
DA:68,0
DA:69,0
DA:70,0
DA:73,0
DA:74,0
DA:75,0
DA:78,0
DA:79,0
DA:80,0
DA:83,0
DA:84,0
DA:85,0
DA:88,0
DA:91,0
DA:92,0
DA:93,0
DA:96,0
DA:97,0
DA:98,0
DA:101,0
DA:102,0
DA:103,0
DA:104,0
DA:105,0
DA:106,0
DA:107,0
DA:110,0
DA:111,0
DA:112,0
DA:115,0
DA:116,0
DA:117,0
DA:120,0
DA:122,0
DA:125,0
DA:126,0
DA:127,0
DA:140,0
DA:141,0
DA:142,0
DA:143,0
DA:144,0
DA:145,0
DA:148,0
DA:149,0
DA:150,0
DA:153,0
DA:154,0
DA:155,0
DA:158,0
DA:159,0
DA:160,0
DA:164,0
DA:165,0
DA:166,0
DA:167,0
DA:169,0
DA:170,0
DA:172,0
DA:173,0
DA:174,0
DA:176,0
DA:177,0
DA:178,0
DA:179,0
DA:180,0
DA:181,0
DA:182,0
DA:184,0
DA:185,0
DA:186,0
DA:187,0
DA:188,0
DA:189,0
DA:191,0
DA:192,0
DA:193,0
DA:209,0
DA:210,0
DA:211,0
DA:214,0
DA:215,0
DA:218,0
DA:219,0
DA:220,0
DA:221,0
DA:222,0
DA:223,0
DA:225,0
DA:226,0
DA:227,0
DA:228,0
DA:229,0
DA:230,0
DA:231,0
DA:232,0
DA:233,0
DA:234,0
DA:236,0
DA:239,0
DA:240,0
DA:241,0
DA:242,0
DA:243,0
DA:244,0
DA:245,0
DA:246,0
DA:250,0
DA:252,0
DA:253,0
DA:255,0
DA:256,0
DA:257,0
DA:259,0
DA:260,0
DA:262,0
DA:263,0
DA:264,0
DA:266,0
DA:267,0
DA:268,0
DA:269,0
DA:270,0
DA:271,0
DA:272,0
DA:274,0
DA:275,0
DA:276,0
DA:278,0
DA:279,0
DA:280,0
DA:289,0
DA:290,0
DA:291,0
DA:293,0
DA:294,0
DA:295,0
DA:302,0
DA:303,0
DA:304,0
DA:306,0
DA:307,0
DA:308,0
DA:315,0
DA:316,0
DA:317,0
DA:319,0
DA:320,0
DA:321,0
DA:328,0
DA:329,0
DA:330,0
DA:332,0
DA:333,0
DA:334,0
DA:341,0
DA:342,0
DA:343,0
DA:345,0
DA:346,0
DA:347,0
DA:357,0
DA:358,0
DA:359,0
DA:363,0
DA:365,0
DA:366,0
DA:367,0
DA:368,0
DA:369,0
DA:370,0
DA:372,0
DA:373,0
DA:374,0
DA:390,0
DA:391,0
DA:392,0
DA:395,0
DA:396,0
DA:397,0
DA:399,0
DA:400,0
DA:401,0
DA:404,0
DA:405,0
DA:408,0
DA:410,0
DA:413,0
DA:414,0
DA:415,0
DA:416,0
DA:417,0
DA:418,0
DA:419,0
DA:420,0
DA:424,0
DA:426,0
DA:427,0
DA:428,0
DA:431,0
DA:432,0
DA:433,0
DA:436,0
DA:437,0
DA:438,0
DA:440,0
DA:441,0
DA:443,0
DA:444,0
DA:445,0
DA:447,0
DA:448,0
DA:449,0
DA:450,0
DA:451,0
DA:452,0
DA:453,0
DA:454,0
DA:455,0
DA:456,0
DA:458,0
DA:459,0
DA:460,0
DA:473,0
DA:474,0
DA:475,0
DA:478,0
DA:479,0
DA:480,0
DA:481,0
DA:485,0
DA:486,0
DA:487,0
DA:488,0
DA:489,0
DA:490,0
DA:491,0
DA:495,0
DA:497,0
DA:498,0
DA:499,0
DA:500,0
DA:503,0
DA:504,0
DA:505,0
DA:507,0
DA:508,0
DA:509,0
DA:511,0
DA:512,0
DA:513,0
DA:515,0
DA:516,0
DA:517,0
DA:530,0
DA:531,0
DA:532,0
DA:536,0
DA:537,0
DA:538,0
DA:539,0
DA:542,0
DA:543,0
DA:544,0
DA:545,0
DA:547,0
DA:548,0
DA:549,0
DA:551,0
DA:552,0
DA:553,0
DA:555,0
DA:556,0
DA:557,0
DA:573,0
DA:574,0
DA:575,0
DA:578,0
DA:579,0
DA:582,0
DA:583,0
DA:584,0
DA:585,0
DA:587,0
DA:588,0
DA:589,0
DA:590,0
DA:591,0
DA:592,0
DA:593,0
DA:594,0
DA:598,0
DA:601,0
DA:602,0
DA:603,0
DA:604,0
DA:606,0
DA:607,0
DA:609,0
DA:610,0
DA:611,0
DA:613,0
DA:614,0
DA:615,0
DA:617,0
DA:618,0
DA:619,0
DA:631,0
DA:632,0
DA:633,0
DA:636,0
DA:637,0
DA:638,0
DA:639,0
DA:640,0
DA:643,0
DA:644,0
DA:645,0
DA:647,0
DA:648,0
DA:649,0
DA:650,0
DA:651,0
DA:653,0
DA:657,0
DA:658,0
DA:659,0
DA:670,0
DA:671,0
DA:672,0
DA:675,0
DA:676,0
DA:677,0
DA:678,0
DA:679,0
DA:680,0
DA:683,0
DA:685,0
DA:686,0
DA:687,0
DA:688,0
DA:689,0
DA:692,0
DA:694,0
DA:695,0
DA:696,0
DA:697,0
DA:698,0
DA:700,0
DA:704,0
DA:705,0
DA:706,0
DA:719,0
DA:720,0
DA:721,0
DA:722,0
DA:723,0
DA:724,0
DA:727,0
DA:728,0
DA:729,0
DA:732,0
DA:733,0
DA:734,0
DA:737,0
DA:738,0
DA:739,0
DA:742,0
DA:743,0
DA:744,0
DA:748,0
DA:750,0
DA:751,0
DA:753,0
DA:754,0
DA:755,0
DA:757,0
DA:758,0
DA:759,0
DA:760,0
DA:761,0
DA:762,0
DA:763,0
DA:765,0
DA:766,0
DA:767,0
DA:768,0
DA:769,0
DA:770,0
BRF:0
BRH:0
LF:413
LH:0
end_of_record
SF:/Users/rameshtamilselvan/Downloads/AethelredMVP/sdk/rust/src/optim/mod.rs
FN:81,_RNvMNtCsdlE2Tj2UPPG_13aethelred_sdk5optimNtB2_10ParamGroup11with_option
FN:75,_RNvMNtCsdlE2Tj2UPPG_13aethelred_sdk5optimNtB2_10ParamGroup17with_weight_decay
FN:65,_RNvMNtCsdlE2Tj2UPPG_13aethelred_sdk5optimNtB2_10ParamGroup3new
FN:239,_RNvMs1_NtCsdlE2Tj2UPPG_13aethelred_sdk5optimNtB5_4Adam12with_options
FN:234,_RNvMs1_NtCsdlE2Tj2UPPG_13aethelred_sdk5optimNtB5_4Adam3new
FN:375,_RNvMs3_NtCsdlE2Tj2UPPG_13aethelred_sdk5optimNtB5_5AdamW12with_options
FN:370,_RNvMs3_NtCsdlE2Tj2UPPG_13aethelred_sdk5optimNtB5_5AdamW3new
FN:499,_RNvMs5_NtCsdlE2Tj2UPPG_13aethelred_sdk5optimNtB5_6StepLR3new
FN:546,_RNvMs7_NtCsdlE2Tj2UPPG_13aethelred_sdk5optimNtB5_17CosineAnnealingLR12with_eta_min
FN:541,_RNvMs7_NtCsdlE2Tj2UPPG_13aethelred_sdk5optimNtB5_17CosineAnnealingLR3new
FN:591,_RNvMs9_NtCsdlE2Tj2UPPG_13aethelred_sdk5optimNtB5_10OneCycleLR3new
FN:122,_RNvMs_NtCsdlE2Tj2UPPG_13aethelred_sdk5optimNtB4_3SGD12with_options
FN:142,_RNvMs_NtCsdlE2Tj2UPPG_13aethelred_sdk5optimNtB4_3SGD13with_momentum
FN:117,_RNvMs_NtCsdlE2Tj2UPPG_13aethelred_sdk5optimNtB4_3SGD3new
FN:639,_RNvNtCsdlE2Tj2UPPG_13aethelred_sdk5optim14clip_grad_norm
FN:668,_RNvNtCsdlE2Tj2UPPG_13aethelred_sdk5optim15clip_grad_value
FN:212,_RNvXs0_NtCsdlE2Tj2UPPG_13aethelred_sdk5optimNtB5_3SGDNtB5_9Optimizer12param_groups
FN:216,_RNvXs0_NtCsdlE2Tj2UPPG_13aethelred_sdk5optimNtB5_3SGDNtB5_9Optimizer16param_groups_mut
FN:148,_RNvXs0_NtCsdlE2Tj2UPPG_13aethelred_sdk5optimNtB5_3SGDNtB5_9Optimizer4step
FN:202,_RNvXs0_NtCsdlE2Tj2UPPG_13aethelred_sdk5optimNtB5_3SGDNtB5_9Optimizer6get_lr
FN:206,_RNvXs0_NtCsdlE2Tj2UPPG_13aethelred_sdk5optimNtB5_3SGDNtB5_9Optimizer6set_lr
FN:194,_RNvXs0_NtCsdlE2Tj2UPPG_13aethelred_sdk5optimNtB5_3SGDNtB5_9Optimizer9zero_grad
FN:348,_RNvXs2_NtCsdlE2Tj2UPPG_13aethelred_sdk5optimNtB5_4AdamNtB5_9Optimizer12param_groups
FN:352,_RNvXs2_NtCsdlE2Tj2UPPG_13aethelred_sdk5optimNtB5_4AdamNtB5_9Optimizer16param_groups_mut
FN:260,_RNvXs2_NtCsdlE2Tj2UPPG_13aethelred_sdk5optimNtB5_4AdamNtB5_9Optimizer4step
FN:338,_RNvXs2_NtCsdlE2Tj2UPPG_13aethelred_sdk5optimNtB5_4AdamNtB5_9Optimizer6get_lr
FN:342,_RNvXs2_NtCsdlE2Tj2UPPG_13aethelred_sdk5optimNtB5_4AdamNtB5_9Optimizer6set_lr
FN:330,_RNvXs2_NtCsdlE2Tj2UPPG_13aethelred_sdk5optimNtB5_4AdamNtB5_9Optimizer9zero_grad
FN:465,_RNvXs4_NtCsdlE2Tj2UPPG_13aethelred_sdk5optimNtB5_5AdamWNtB5_9Optimizer12param_groups
FN:469,_RNvXs4_NtCsdlE2Tj2UPPG_13aethelred_sdk5optimNtB5_5AdamWNtB5_9Optimizer16param_groups_mut
FN:396,_RNvXs4_NtCsdlE2Tj2UPPG_13aethelred_sdk5optimNtB5_5AdamWNtB5_9Optimizer4step
FN:455,_RNvXs4_NtCsdlE2Tj2UPPG_13aethelred_sdk5optimNtB5_5AdamWNtB5_9Optimizer6get_lr
FN:459,_RNvXs4_NtCsdlE2Tj2UPPG_13aethelred_sdk5optimNtB5_5AdamWNtB5_9Optimizer6set_lr
FN:447,_RNvXs4_NtCsdlE2Tj2UPPG_13aethelred_sdk5optimNtB5_5AdamWNtB5_9Optimizer9zero_grad
FN:525,_RNvXs6_NtCsdlE2Tj2UPPG_13aethelred_sdk5optimNtB5_6StepLRNtB5_11LRScheduler10last_epoch
FN:519,_RNvXs6_NtCsdlE2Tj2UPPG_13aethelred_sdk5optimNtB5_6StepLRNtB5_11LRScheduler4step
FN:512,_RNvXs6_NtCsdlE2Tj2UPPG_13aethelred_sdk5optimNtB5_6StepLRNtB5_11LRScheduler6get_lr
FN:573,_RNvXs8_NtCsdlE2Tj2UPPG_13aethelred_sdk5optimNtB5_17CosineAnnealingLRNtB5_11LRScheduler10last_epoch
FN:567,_RNvXs8_NtCsdlE2Tj2UPPG_13aethelred_sdk5optimNtB5_17CosineAnnealingLRNtB5_11LRScheduler4step
FN:559,_RNvXs8_NtCsdlE2Tj2UPPG_13aethelred_sdk5optimNtB5_17CosineAnnealingLRNtB5_11LRScheduler6get_lr
FN:631,_RNvXsa_NtCsdlE2Tj2UPPG_13aethelred_sdk5optimNtB5_10OneCycleLRNtB5_11LRScheduler10last_epoch
FN:625,_RNvXsa_NtCsdlE2Tj2UPPG_13aethelred_sdk5optimNtB5_10OneCycleLRNtB5_11LRScheduler4step
FN:605,_RNvXsa_NtCsdlE2Tj2UPPG_13aethelred_sdk5optimNtB5_10OneCycleLRNtB5_11LRScheduler6get_lr
FN:38,_RNvYpNtNtCsdlE2Tj2UPPG_13aethelred_sdk5optim9Optimizer10state_dictB7_
FN:43,_RNvYpNtNtCsdlE2Tj2UPPG_13aethelred_sdk5optim9Optimizer15load_state_dictB7_
FNDA:0,_RNvMNtCsdlE2Tj2UPPG_13aethelred_sdk5optimNtB2_10ParamGroup11with_option
FNDA:0,_RNvMNtCsdlE2Tj2UPPG_13aethelred_sdk5optimNtB2_10ParamGroup17with_weight_decay
FNDA:0,_RNvMNtCsdlE2Tj2UPPG_13aethelred_sdk5optimNtB2_10ParamGroup3new
FNDA:0,_RNvMs1_NtCsdlE2Tj2UPPG_13aethelred_sdk5optimNtB5_4Adam12with_options
FNDA:0,_RNvMs1_NtCsdlE2Tj2UPPG_13aethelred_sdk5optimNtB5_4Adam3new
FNDA:0,_RNvMs3_NtCsdlE2Tj2UPPG_13aethelred_sdk5optimNtB5_5AdamW12with_options
FNDA:0,_RNvMs3_NtCsdlE2Tj2UPPG_13aethelred_sdk5optimNtB5_5AdamW3new
FNDA:0,_RNvMs5_NtCsdlE2Tj2UPPG_13aethelred_sdk5optimNtB5_6StepLR3new
FNDA:0,_RNvMs7_NtCsdlE2Tj2UPPG_13aethelred_sdk5optimNtB5_17CosineAnnealingLR12with_eta_min
FNDA:0,_RNvMs7_NtCsdlE2Tj2UPPG_13aethelred_sdk5optimNtB5_17CosineAnnealingLR3new
FNDA:0,_RNvMs9_NtCsdlE2Tj2UPPG_13aethelred_sdk5optimNtB5_10OneCycleLR3new
FNDA:0,_RNvMs_NtCsdlE2Tj2UPPG_13aethelred_sdk5optimNtB4_3SGD12with_options
FNDA:0,_RNvMs_NtCsdlE2Tj2UPPG_13aethelred_sdk5optimNtB4_3SGD13with_momentum
FNDA:0,_RNvMs_NtCsdlE2Tj2UPPG_13aethelred_sdk5optimNtB4_3SGD3new
FNDA:0,_RNvNtCsdlE2Tj2UPPG_13aethelred_sdk5optim14clip_grad_norm
FNDA:0,_RNvNtCsdlE2Tj2UPPG_13aethelred_sdk5optim15clip_grad_value
FNDA:0,_RNvXs0_NtCsdlE2Tj2UPPG_13aethelred_sdk5optimNtB5_3SGDNtB5_9Optimizer12param_groups
FNDA:0,_RNvXs0_NtCsdlE2Tj2UPPG_13aethelred_sdk5optimNtB5_3SGDNtB5_9Optimizer16param_groups_mut
FNDA:0,_RNvXs0_NtCsdlE2Tj2UPPG_13aethelred_sdk5optimNtB5_3SGDNtB5_9Optimizer4step
FNDA:0,_RNvXs0_NtCsdlE2Tj2UPPG_13aethelred_sdk5optimNtB5_3SGDNtB5_9Optimizer6get_lr
FNDA:0,_RNvXs0_NtCsdlE2Tj2UPPG_13aethelred_sdk5optimNtB5_3SGDNtB5_9Optimizer6set_lr
FNDA:0,_RNvXs0_NtCsdlE2Tj2UPPG_13aethelred_sdk5optimNtB5_3SGDNtB5_9Optimizer9zero_grad
FNDA:0,_RNvXs2_NtCsdlE2Tj2UPPG_13aethelred_sdk5optimNtB5_4AdamNtB5_9Optimizer12param_groups
FNDA:0,_RNvXs2_NtCsdlE2Tj2UPPG_13aethelred_sdk5optimNtB5_4AdamNtB5_9Optimizer16param_groups_mut
FNDA:0,_RNvXs2_NtCsdlE2Tj2UPPG_13aethelred_sdk5optimNtB5_4AdamNtB5_9Optimizer4step
FNDA:0,_RNvXs2_NtCsdlE2Tj2UPPG_13aethelred_sdk5optimNtB5_4AdamNtB5_9Optimizer6get_lr
FNDA:0,_RNvXs2_NtCsdlE2Tj2UPPG_13aethelred_sdk5optimNtB5_4AdamNtB5_9Optimizer6set_lr
FNDA:0,_RNvXs2_NtCsdlE2Tj2UPPG_13aethelred_sdk5optimNtB5_4AdamNtB5_9Optimizer9zero_grad
FNDA:0,_RNvXs4_NtCsdlE2Tj2UPPG_13aethelred_sdk5optimNtB5_5AdamWNtB5_9Optimizer12param_groups
FNDA:0,_RNvXs4_NtCsdlE2Tj2UPPG_13aethelred_sdk5optimNtB5_5AdamWNtB5_9Optimizer16param_groups_mut
FNDA:0,_RNvXs4_NtCsdlE2Tj2UPPG_13aethelred_sdk5optimNtB5_5AdamWNtB5_9Optimizer4step
FNDA:0,_RNvXs4_NtCsdlE2Tj2UPPG_13aethelred_sdk5optimNtB5_5AdamWNtB5_9Optimizer6get_lr
FNDA:0,_RNvXs4_NtCsdlE2Tj2UPPG_13aethelred_sdk5optimNtB5_5AdamWNtB5_9Optimizer6set_lr
FNDA:0,_RNvXs4_NtCsdlE2Tj2UPPG_13aethelred_sdk5optimNtB5_5AdamWNtB5_9Optimizer9zero_grad
FNDA:0,_RNvXs6_NtCsdlE2Tj2UPPG_13aethelred_sdk5optimNtB5_6StepLRNtB5_11LRScheduler10last_epoch
FNDA:0,_RNvXs6_NtCsdlE2Tj2UPPG_13aethelred_sdk5optimNtB5_6StepLRNtB5_11LRScheduler4step
FNDA:0,_RNvXs6_NtCsdlE2Tj2UPPG_13aethelred_sdk5optimNtB5_6StepLRNtB5_11LRScheduler6get_lr
FNDA:0,_RNvXs8_NtCsdlE2Tj2UPPG_13aethelred_sdk5optimNtB5_17CosineAnnealingLRNtB5_11LRScheduler10last_epoch
FNDA:0,_RNvXs8_NtCsdlE2Tj2UPPG_13aethelred_sdk5optimNtB5_17CosineAnnealingLRNtB5_11LRScheduler4step
FNDA:0,_RNvXs8_NtCsdlE2Tj2UPPG_13aethelred_sdk5optimNtB5_17CosineAnnealingLRNtB5_11LRScheduler6get_lr
FNDA:0,_RNvXsa_NtCsdlE2Tj2UPPG_13aethelred_sdk5optimNtB5_10OneCycleLRNtB5_11LRScheduler10last_epoch
FNDA:0,_RNvXsa_NtCsdlE2Tj2UPPG_13aethelred_sdk5optimNtB5_10OneCycleLRNtB5_11LRScheduler4step
FNDA:0,_RNvXsa_NtCsdlE2Tj2UPPG_13aethelred_sdk5optimNtB5_10OneCycleLRNtB5_11LRScheduler6get_lr
FNDA:0,_RNvYpNtNtCsdlE2Tj2UPPG_13aethelred_sdk5optim9Optimizer10state_dictB7_
FNDA:0,_RNvYpNtNtCsdlE2Tj2UPPG_13aethelred_sdk5optim9Optimizer15load_state_dictB7_
FNF:45
FNH:0
DA:38,0
DA:39,0
DA:40,0
DA:43,0
DA:44,0
DA:45,0
DA:65,0
DA:66,0
DA:67,0
DA:68,0
DA:69,0
DA:70,0
DA:71,0
DA:72,0
DA:75,0
DA:76,0
DA:77,0
DA:78,0
DA:81,0
DA:82,0
DA:83,0
DA:84,0
DA:117,0
DA:118,0
DA:119,0
DA:122,0
DA:123,0
DA:124,0
DA:125,0
DA:126,0
DA:127,0
DA:128,0
DA:129,0
DA:130,0
DA:132,0
DA:133,0
DA:134,0
DA:135,0
DA:136,0
DA:137,0
DA:138,0
DA:139,0
DA:142,0
DA:143,0
DA:144,0
DA:148,0
DA:149,0
DA:150,0
DA:151,0
DA:152,0
DA:153,0
DA:154,0
DA:156,0
DA:159,0
DA:160,0
DA:161,0
DA:162,0
DA:165,0
DA:166,0
DA:167,0
DA:168,0
DA:169,0
DA:170,0
DA:171,0
DA:172,0
DA:173,0
DA:175,0
DA:176,0
DA:177,0
DA:178,0
DA:179,0
DA:180,0
DA:181,0
DA:182,0
DA:185,0
DA:186,0
DA:187,0
DA:191,0
DA:192,0
DA:194,0
DA:195,0
DA:196,0
DA:197,0
DA:198,0
DA:200,0
DA:202,0
DA:203,0
DA:204,0
DA:206,0
DA:207,0
DA:208,0
DA:209,0
DA:210,0
DA:212,0
DA:213,0
DA:214,0
DA:216,0
DA:217,0
DA:218,0
DA:234,0
DA:235,0
DA:236,0
DA:239,0
DA:240,0
DA:241,0
DA:242,0
DA:243,0
DA:244,0
DA:245,0
DA:246,0
DA:247,0
DA:249,0
DA:250,0
DA:251,0
DA:252,0
DA:253,0
DA:254,0
DA:255,0
DA:256,0
DA:260,0
DA:261,0
DA:263,0
DA:264,0
DA:265,0
DA:266,0
DA:267,0
DA:268,0
DA:270,0
DA:273,0
DA:274,0
DA:275,0
DA:276,0
DA:279,0
DA:280,0
DA:281,0
DA:282,0
DA:283,0
DA:284,0
DA:285,0
DA:288,0
DA:289,0
DA:290,0
DA:291,0
DA:294,0
DA:295,0
DA:296,0
DA:297,0
DA:300,0
DA:301,0
DA:302,0
DA:305,0
DA:306,0
DA:307,0
DA:309,0
DA:310,0
DA:311,0
DA:313,0
DA:316,0
DA:317,0
DA:320,0
DA:321,0
DA:322,0
DA:323,0
DA:327,0
DA:328,0
DA:330,0
DA:331,0
DA:332,0
DA:333,0
DA:334,0
DA:336,0
DA:338,0
DA:339,0
DA:340,0
DA:342,0
DA:343,0
DA:344,0
DA:345,0
DA:346,0
DA:348,0
DA:349,0
DA:350,0
DA:352,0
DA:353,0
DA:354,0
DA:370,0
DA:371,0
DA:372,0
DA:375,0
DA:376,0
DA:377,0
DA:378,0
DA:379,0
DA:380,0
DA:381,0
DA:382,0
DA:383,0
DA:385,0
DA:386,0
DA:387,0
DA:388,0
DA:389,0
DA:390,0
DA:391,0
DA:392,0
DA:396,0
DA:397,0
DA:399,0
DA:400,0
DA:401,0
DA:402,0
DA:403,0
DA:404,0
DA:407,0
DA:408,0
DA:409,0
DA:410,0
DA:413,0
DA:414,0
DA:415,0
DA:416,0
DA:419,0
DA:420,0
DA:421,0
DA:422,0
DA:424,0
DA:425,0
DA:426,0
DA:427,0
DA:430,0
DA:431,0
DA:432,0
DA:435,0
DA:436,0
DA:437,0
DA:438,0
DA:439,0
DA:440,0
DA:444,0
DA:445,0
DA:447,0
DA:448,0
DA:449,0
DA:450,0
DA:451,0
DA:453,0
DA:455,0
DA:456,0
DA:457,0
DA:459,0
DA:460,0
DA:461,0
DA:462,0
DA:463,0
DA:465,0
DA:466,0
DA:467,0
DA:469,0
DA:470,0
DA:471,0
DA:499,0
DA:500,0
DA:501,0
DA:502,0
DA:503,0
DA:504,0
DA:505,0
DA:506,0
DA:507,0
DA:508,0
DA:512,0
DA:513,0
DA:514,0
DA:515,0
DA:516,0
DA:517,0
DA:519,0
DA:520,0
DA:521,0
DA:522,0
DA:523,0
DA:525,0
DA:526,0
DA:527,0
DA:541,0
DA:542,0
DA:543,0
DA:546,0
DA:547,0
DA:548,0
DA:549,0
DA:550,0
DA:551,0
DA:552,0
DA:553,0
DA:554,0
DA:555,0
DA:559,0
DA:560,0
DA:561,0
DA:562,0
DA:563,0
DA:564,0
DA:565,0
DA:567,0
DA:568,0
DA:569,0
DA:570,0
DA:571,0
DA:573,0
DA:574,0
DA:575,0
DA:591,0
DA:592,0
DA:593,0
DA:594,0
DA:595,0
DA:596,0
DA:597,0
DA:598,0
DA:599,0
DA:600,0
DA:601,0
DA:605,0
DA:606,0
DA:607,0
DA:609,0
DA:610,0
DA:612,0
DA:614,0
DA:615,0
DA:618,0
DA:619,0
DA:620,0
DA:621,0
DA:623,0
DA:625,0
DA:626,0
DA:627,0
DA:628,0
DA:629,0
DA:631,0
DA:632,0
DA:633,0
DA:639,0
DA:640,0
DA:642,0
DA:643,0
DA:645,0
DA:647,0
DA:650,0
DA:652,0
DA:653,0
DA:656,0
DA:657,0
DA:659,0
DA:660,0
DA:661,0
DA:662,0
DA:664,0
DA:665,0
DA:668,0
DA:669,0
DA:670,0
DA:671,0
DA:672,0
DA:673,0
DA:675,0
BRF:0
BRH:0
LF:368
LH:0
end_of_record
SF:/Users/rameshtamilselvan/Downloads/AethelredMVP/sdk/rust/src/runtime.rs
FN:714,_RNCNvMsa_NtCsdlE2Tj2UPPG_13aethelred_sdk7runtimeNtB7_8Profiler7summary0B9_
FN:839,_RNCNvMsh_NtCsdlE2Tj2UPPG_13aethelred_sdk7runtimeNtB7_7Runtime8instance0B9_
FN:155,_RNvMs0_NtCsdlE2Tj2UPPG_13aethelred_sdk7runtimeNtB5_6Device11synchronize
FN:150,_RNvMs0_NtCsdlE2Tj2UPPG_13aethelred_sdk7runtimeNtB5_6Device4free
FN:214,_RNvMs2_NtCsdlE2Tj2UPPG_13aethelred_sdk7runtimeNtB5_11MemoryBlock12copy_to_host
FN:203,_RNvMs2_NtCsdlE2Tj2UPPG_13aethelred_sdk7runtimeNtB5_11MemoryBlock14copy_from_host
FN:193,_RNvMs2_NtCsdlE2Tj2UPPG_13aethelred_sdk7runtimeNtB5_11MemoryBlock8as_slice
FN:398,_RNvMs7_NtCsdlE2Tj2UPPG_13aethelred_sdk7runtimeNtB5_10MemoryPool5stats
FN:521,_RNvMs8_NtCsdlE2Tj2UPPG_13aethelred_sdk7runtimeNtB5_6Stream12record_event
FN:456,_RNvMs8_NtCsdlE2Tj2UPPG_13aethelred_sdk7runtimeNtB5_6Stream2id
FN:480,_RNvMs8_NtCsdlE2Tj2UPPG_13aethelred_sdk7runtimeNtB5_6Stream8wait_for
FN:563,_RNvMs9_NtCsdlE2Tj2UPPG_13aethelred_sdk7runtimeNtB5_5Event12wait_timeout
FN:582,_RNvMs9_NtCsdlE2Tj2UPPG_13aethelred_sdk7runtimeNtB5_5Event13elapsed_since
FN:546,_RNvMs9_NtCsdlE2Tj2UPPG_13aethelred_sdk7runtimeNtB5_5Event2id
FN:535,_RNvMs9_NtCsdlE2Tj2UPPG_13aethelred_sdk7runtimeNtB5_5Event3new
FN:575,_RNvMs9_NtCsdlE2Tj2UPPG_13aethelred_sdk7runtimeNtB5_5Event6record
FN:676,_RNvMsa_NtCsdlE2Tj2UPPG_13aethelred_sdk7runtimeNtB5_8Profiler19export_chrome_trace
FN:670,_RNvMsa_NtCsdlE2Tj2UPPG_13aethelred_sdk7runtimeNtB5_8Profiler5clear
FN:641,_RNvMsa_NtCsdlE2Tj2UPPG_13aethelred_sdk7runtimeNtB5_8Profiler7disable
FN:698,_RNvMsa_NtCsdlE2Tj2UPPG_13aethelred_sdk7runtimeNtB5_8Profiler7summary
FN:785,_RNvMse_NtCsdlE2Tj2UPPG_13aethelred_sdk7runtimeNtB5_10EventStats8avg_time
FN:847,_RNvMsh_NtCsdlE2Tj2UPPG_13aethelred_sdk7runtimeNtB5_7Runtime10initialize
FN:878,_RNvMsh_NtCsdlE2Tj2UPPG_13aethelred_sdk7runtimeNtB5_7Runtime14default_device
FN:895,_RNvMsh_NtCsdlE2Tj2UPPG_13aethelred_sdk7runtimeNtB5_7Runtime16enable_profiling
FN:900,_RNvMsh_NtCsdlE2Tj2UPPG_13aethelred_sdk7runtimeNtB5_7Runtime17disable_profiling
FN:884,_RNvMsh_NtCsdlE2Tj2UPPG_13aethelred_sdk7runtimeNtB5_7Runtime18set_default_device
FN:872,_RNvMsh_NtCsdlE2Tj2UPPG_13aethelred_sdk7runtimeNtB5_7Runtime7devices
FN:834,_RNvMsh_NtCsdlE2Tj2UPPG_13aethelred_sdk7runtimeNtB5_7Runtime8instance
FN:890,_RNvMsh_NtCsdlE2Tj2UPPG_13aethelred_sdk7runtimeNtB5_7Runtime8profiler
FN:980,_RNvMsj_NtCsdlE2Tj2UPPG_13aethelred_sdk7runtimeNtB5_11JITCompiler11clear_cache
FN:943,_RNvMsj_NtCsdlE2Tj2UPPG_13aethelred_sdk7runtimeNtB5_11JITCompiler3new
FN:951,_RNvMsj_NtCsdlE2Tj2UPPG_13aethelred_sdk7runtimeNtB5_11JITCompiler7compile
FN:35,_RNvXNtCsdlE2Tj2UPPG_13aethelred_sdk7runtimeNtB2_10DeviceTypeNtNtCs2CqrNpCrSUr_4core3fmt7Display3fmt
FN:169,_RNvXs1_NtCsdlE2Tj2UPPG_13aethelred_sdk7runtimeNtB5_6DeviceNtNtCs2CqrNpCrSUr_4core3fmt5Debug3fmt
FN:239,_RNvXs4_NtCsdlE2Tj2UPPG_13aethelred_sdk7runtimeNtB5_11MemoryErrorNtNtCs2CqrNpCrSUr_4core3fmt7Display3fmt
FN:727,_RNvXsb_NtCsdlE2Tj2UPPG_13aethelred_sdk7runtimeNtB5_8ProfilerNtNtCs2CqrNpCrSUr_4core7default7Default7default
FN:810,_RNvXsg_NtCsdlE2Tj2UPPG_13aethelred_sdk7runtimeNtB5_11DeviceErrorNtNtCs2CqrNpCrSUr_4core3fmt7Display3fmt
FN:917,_RNvXsi_NtCsdlE2Tj2UPPG_13aethelred_sdk7runtimeNtB5_10JITOptionsNtNtCs2CqrNpCrSUr_4core7default7Default7default
FN:987,_RNvXsk_NtCsdlE2Tj2UPPG_13aethelred_sdk7runtimeNtB5_14CompiledKernelNtNtCs2CqrNpCrSUr_4core5clone5Clone5clone
FN:1009,_RNvXsm_NtCsdlE2Tj2UPPG_13aethelred_sdk7runtimeNtB5_12CompileErrorNtNtCs2CqrNpCrSUr_4core3fmt7Display3fmt
FN:1050,_RNCNvNtNtCsdlE2Tj2UPPG_13aethelred_sdk7runtime5testss_22test_stream_operations0B7_
FN:752,_RNvXsd_NtCsdlE2Tj2UPPG_13aethelred_sdk7runtimeNtB5_12ProfileScopeNtNtNtCs2CqrNpCrSUr_4core3ops4drop4Drop4drop
FN:115,_RNvMs0_NtCsdlE2Tj2UPPG_13aethelred_sdk7runtimeNtB5_6Device3cpu
FN:145,_RNvMs0_NtCsdlE2Tj2UPPG_13aethelred_sdk7runtimeNtB5_6Device8allocate
FN:198,_RNvMs2_NtCsdlE2Tj2UPPG_13aethelred_sdk7runtimeNtB5_11MemoryBlock12as_slice_mut
FN:298,_RNvMs7_NtCsdlE2Tj2UPPG_13aethelred_sdk7runtimeNtB5_10MemoryPool14get_size_class
FN:286,_RNvMs7_NtCsdlE2Tj2UPPG_13aethelred_sdk7runtimeNtB5_10MemoryPool3new
FN:374,_RNvMs7_NtCsdlE2Tj2UPPG_13aethelred_sdk7runtimeNtB5_10MemoryPool4free
FN:303,_RNvMs7_NtCsdlE2Tj2UPPG_13aethelred_sdk7runtimeNtB5_10MemoryPool8allocate
FN:514,_RNvMs8_NtCsdlE2Tj2UPPG_13aethelred_sdk7runtimeNtB5_6Stream11synchronize
FN:443,_RNvMs8_NtCsdlE2Tj2UPPG_13aethelred_sdk7runtimeNtB5_6Stream3new
FN:461,_RNvMs8_NtCsdlE2Tj2UPPG_13aethelred_sdk7runtimeNtB5_6Stream5state
FN:486,_RNvMs8_NtCsdlE2Tj2UPPG_13aethelred_sdk7runtimeNtB5_6Stream7execute
FN:551,_RNvMs9_NtCsdlE2Tj2UPPG_13aethelred_sdk7runtimeNtB5_5Event12is_completed
FN:556,_RNvMs9_NtCsdlE2Tj2UPPG_13aethelred_sdk7runtimeNtB5_5Event4wait
FN:664,_RNvMsa_NtCsdlE2Tj2UPPG_13aethelred_sdk7runtimeNtB5_8Profiler10get_events
FN:646,_RNvMsa_NtCsdlE2Tj2UPPG_13aethelred_sdk7runtimeNtB5_8Profiler10is_enabled
FN:627,_RNvMsa_NtCsdlE2Tj2UPPG_13aethelred_sdk7runtimeNtB5_8Profiler3new
FN:659,_RNvMsa_NtCsdlE2Tj2UPPG_13aethelred_sdk7runtimeNtB5_8Profiler5scope
FN:636,_RNvMsa_NtCsdlE2Tj2UPPG_13aethelred_sdk7runtimeNtB5_8Profiler6enable
FN:651,_RNvMsa_NtCsdlE2Tj2UPPG_13aethelred_sdk7runtimeNtB5_8Profiler6record
FN:741,_RNvMsc_NtCsdlE2Tj2UPPG_13aethelred_sdk7runtimeNtB5_12ProfileScope3new
FN:76,_RNvXs_NtCsdlE2Tj2UPPG_13aethelred_sdk7runtimeNtB4_18DeviceCapabilitiesNtNtCs2CqrNpCrSUr_4core7default7Default7default
FN:1061,_RNvNtNtCsdlE2Tj2UPPG_13aethelred_sdk7runtime5testss_13test_profiler
FN:1036,_RNvNtNtCsdlE2Tj2UPPG_13aethelred_sdk7runtime5testss_15test_device_cpu
FN:1043,_RNvNtNtCsdlE2Tj2UPPG_13aethelred_sdk7runtime5testss_22test_stream_operations
FN:1026,_RNvNtNtCsdlE2Tj2UPPG_13aethelred_sdk7runtime5testss_27test_memory_pool_allocation
FN:471,_RINvMs8_NtCsdlE2Tj2UPPG_13aethelred_sdk7runtimeNtB6_6Stream7enqueueNCNvNtB6_5testss_22test_stream_operations0EB8_
FN:299,_RNCNvMs7_NtCsdlE2Tj2UPPG_13aethelred_sdk7runtimeNtB7_10MemoryPool14get_size_class0B9_
FNDA:0,_RNCNvMsa_NtCsdlE2Tj2UPPG_13aethelred_sdk7runtimeNtB7_8Profiler7summary0B9_
FNDA:0,_RNCNvMsh_NtCsdlE2Tj2UPPG_13aethelred_sdk7runtimeNtB7_7Runtime8instance0B9_
FNDA:0,_RNvMs0_NtCsdlE2Tj2UPPG_13aethelred_sdk7runtimeNtB5_6Device11synchronize
FNDA:0,_RNvMs0_NtCsdlE2Tj2UPPG_13aethelred_sdk7runtimeNtB5_6Device4free
FNDA:0,_RNvMs2_NtCsdlE2Tj2UPPG_13aethelred_sdk7runtimeNtB5_11MemoryBlock12copy_to_host
FNDA:0,_RNvMs2_NtCsdlE2Tj2UPPG_13aethelred_sdk7runtimeNtB5_11MemoryBlock14copy_from_host
FNDA:0,_RNvMs2_NtCsdlE2Tj2UPPG_13aethelred_sdk7runtimeNtB5_11MemoryBlock8as_slice
FNDA:0,_RNvMs7_NtCsdlE2Tj2UPPG_13aethelred_sdk7runtimeNtB5_10MemoryPool5stats
FNDA:0,_RNvMs8_NtCsdlE2Tj2UPPG_13aethelred_sdk7runtimeNtB5_6Stream12record_event
FNDA:0,_RNvMs8_NtCsdlE2Tj2UPPG_13aethelred_sdk7runtimeNtB5_6Stream2id
FNDA:0,_RNvMs8_NtCsdlE2Tj2UPPG_13aethelred_sdk7runtimeNtB5_6Stream8wait_for
FNDA:0,_RNvMs9_NtCsdlE2Tj2UPPG_13aethelred_sdk7runtimeNtB5_5Event12wait_timeout
FNDA:0,_RNvMs9_NtCsdlE2Tj2UPPG_13aethelred_sdk7runtimeNtB5_5Event13elapsed_since
FNDA:0,_RNvMs9_NtCsdlE2Tj2UPPG_13aethelred_sdk7runtimeNtB5_5Event2id
FNDA:0,_RNvMs9_NtCsdlE2Tj2UPPG_13aethelred_sdk7runtimeNtB5_5Event3new
FNDA:0,_RNvMs9_NtCsdlE2Tj2UPPG_13aethelred_sdk7runtimeNtB5_5Event6record
FNDA:0,_RNvMsa_NtCsdlE2Tj2UPPG_13aethelred_sdk7runtimeNtB5_8Profiler19export_chrome_trace
FNDA:0,_RNvMsa_NtCsdlE2Tj2UPPG_13aethelred_sdk7runtimeNtB5_8Profiler5clear
FNDA:0,_RNvMsa_NtCsdlE2Tj2UPPG_13aethelred_sdk7runtimeNtB5_8Profiler7disable
FNDA:0,_RNvMsa_NtCsdlE2Tj2UPPG_13aethelred_sdk7runtimeNtB5_8Profiler7summary
FNDA:0,_RNvMse_NtCsdlE2Tj2UPPG_13aethelred_sdk7runtimeNtB5_10EventStats8avg_time
FNDA:0,_RNvMsh_NtCsdlE2Tj2UPPG_13aethelred_sdk7runtimeNtB5_7Runtime10initialize
FNDA:0,_RNvMsh_NtCsdlE2Tj2UPPG_13aethelred_sdk7runtimeNtB5_7Runtime14default_device
FNDA:0,_RNvMsh_NtCsdlE2Tj2UPPG_13aethelred_sdk7runtimeNtB5_7Runtime16enable_profiling
FNDA:0,_RNvMsh_NtCsdlE2Tj2UPPG_13aethelred_sdk7runtimeNtB5_7Runtime17disable_profiling
FNDA:0,_RNvMsh_NtCsdlE2Tj2UPPG_13aethelred_sdk7runtimeNtB5_7Runtime18set_default_device
FNDA:0,_RNvMsh_NtCsdlE2Tj2UPPG_13aethelred_sdk7runtimeNtB5_7Runtime7devices
FNDA:0,_RNvMsh_NtCsdlE2Tj2UPPG_13aethelred_sdk7runtimeNtB5_7Runtime8instance
FNDA:0,_RNvMsh_NtCsdlE2Tj2UPPG_13aethelred_sdk7runtimeNtB5_7Runtime8profiler
FNDA:0,_RNvMsj_NtCsdlE2Tj2UPPG_13aethelred_sdk7runtimeNtB5_11JITCompiler11clear_cache
FNDA:0,_RNvMsj_NtCsdlE2Tj2UPPG_13aethelred_sdk7runtimeNtB5_11JITCompiler3new
FNDA:0,_RNvMsj_NtCsdlE2Tj2UPPG_13aethelred_sdk7runtimeNtB5_11JITCompiler7compile
FNDA:0,_RNvXNtCsdlE2Tj2UPPG_13aethelred_sdk7runtimeNtB2_10DeviceTypeNtNtCs2CqrNpCrSUr_4core3fmt7Display3fmt
FNDA:0,_RNvXs1_NtCsdlE2Tj2UPPG_13aethelred_sdk7runtimeNtB5_6DeviceNtNtCs2CqrNpCrSUr_4core3fmt5Debug3fmt
FNDA:0,_RNvXs4_NtCsdlE2Tj2UPPG_13aethelred_sdk7runtimeNtB5_11MemoryErrorNtNtCs2CqrNpCrSUr_4core3fmt7Display3fmt
FNDA:0,_RNvXsb_NtCsdlE2Tj2UPPG_13aethelred_sdk7runtimeNtB5_8ProfilerNtNtCs2CqrNpCrSUr_4core7default7Default7default
FNDA:0,_RNvXsg_NtCsdlE2Tj2UPPG_13aethelred_sdk7runtimeNtB5_11DeviceErrorNtNtCs2CqrNpCrSUr_4core3fmt7Display3fmt
FNDA:0,_RNvXsi_NtCsdlE2Tj2UPPG_13aethelred_sdk7runtimeNtB5_10JITOptionsNtNtCs2CqrNpCrSUr_4core7default7Default7default
FNDA:0,_RNvXsk_NtCsdlE2Tj2UPPG_13aethelred_sdk7runtimeNtB5_14CompiledKernelNtNtCs2CqrNpCrSUr_4core5clone5Clone5clone
FNDA:0,_RNvXsm_NtCsdlE2Tj2UPPG_13aethelred_sdk7runtimeNtB5_12CompileErrorNtNtCs2CqrNpCrSUr_4core3fmt7Display3fmt
FNDA:1,_RNCNvNtNtCsdlE2Tj2UPPG_13aethelred_sdk7runtime5testss_22test_stream_operations0B7_
FNDA:1,_RNvXsd_NtCsdlE2Tj2UPPG_13aethelred_sdk7runtimeNtB5_12ProfileScopeNtNtNtCs2CqrNpCrSUr_4core3ops4drop4Drop4drop
FNDA:5,_RNvMs0_NtCsdlE2Tj2UPPG_13aethelred_sdk7runtimeNtB5_6Device3cpu
FNDA:5,_RNvMs0_NtCsdlE2Tj2UPPG_13aethelred_sdk7runtimeNtB5_6Device8allocate
FNDA:5,_RNvMs2_NtCsdlE2Tj2UPPG_13aethelred_sdk7runtimeNtB5_11MemoryBlock12as_slice_mut
FNDA:7,_RNvMs7_NtCsdlE2Tj2UPPG_13aethelred_sdk7runtimeNtB5_10MemoryPool14get_size_class
FNDA:6,_RNvMs7_NtCsdlE2Tj2UPPG_13aethelred_sdk7runtimeNtB5_10MemoryPool3new
FNDA:1,_RNvMs7_NtCsdlE2Tj2UPPG_13aethelred_sdk7runtimeNtB5_10MemoryPool4free
FNDA:6,_RNvMs7_NtCsdlE2Tj2UPPG_13aethelred_sdk7runtimeNtB5_10MemoryPool8allocate
FNDA:1,_RNvMs8_NtCsdlE2Tj2UPPG_13aethelred_sdk7runtimeNtB5_6Stream11synchronize
FNDA:1,_RNvMs8_NtCsdlE2Tj2UPPG_13aethelred_sdk7runtimeNtB5_6Stream3new
FNDA:1,_RNvMs8_NtCsdlE2Tj2UPPG_13aethelred_sdk7runtimeNtB5_6Stream5state
FNDA:1,_RNvMs8_NtCsdlE2Tj2UPPG_13aethelred_sdk7runtimeNtB5_6Stream7execute
FNDA:0,_RNvMs9_NtCsdlE2Tj2UPPG_13aethelred_sdk7runtimeNtB5_5Event12is_completed
FNDA:0,_RNvMs9_NtCsdlE2Tj2UPPG_13aethelred_sdk7runtimeNtB5_5Event4wait
FNDA:1,_RNvMsa_NtCsdlE2Tj2UPPG_13aethelred_sdk7runtimeNtB5_8Profiler10get_events
FNDA:1,_RNvMsa_NtCsdlE2Tj2UPPG_13aethelred_sdk7runtimeNtB5_8Profiler10is_enabled
FNDA:1,_RNvMsa_NtCsdlE2Tj2UPPG_13aethelred_sdk7runtimeNtB5_8Profiler3new
FNDA:1,_RNvMsa_NtCsdlE2Tj2UPPG_13aethelred_sdk7runtimeNtB5_8Profiler5scope
FNDA:1,_RNvMsa_NtCsdlE2Tj2UPPG_13aethelred_sdk7runtimeNtB5_8Profiler6enable
FNDA:1,_RNvMsa_NtCsdlE2Tj2UPPG_13aethelred_sdk7runtimeNtB5_8Profiler6record
FNDA:1,_RNvMsc_NtCsdlE2Tj2UPPG_13aethelred_sdk7runtimeNtB5_12ProfileScope3new
FNDA:5,_RNvXs_NtCsdlE2Tj2UPPG_13aethelred_sdk7runtimeNtB4_18DeviceCapabilitiesNtNtCs2CqrNpCrSUr_4core7default7Default7default
FNDA:1,_RNvNtNtCsdlE2Tj2UPPG_13aethelred_sdk7runtime5testss_13test_profiler
FNDA:1,_RNvNtNtCsdlE2Tj2UPPG_13aethelred_sdk7runtime5testss_15test_device_cpu
FNDA:1,_RNvNtNtCsdlE2Tj2UPPG_13aethelred_sdk7runtime5testss_22test_stream_operations
FNDA:1,_RNvNtNtCsdlE2Tj2UPPG_13aethelred_sdk7runtime5testss_27test_memory_pool_allocation
FNDA:1,_RINvMs8_NtCsdlE2Tj2UPPG_13aethelred_sdk7runtimeNtB6_6Stream7enqueueNCNvNtB6_5testss_22test_stream_operations0EB8_
FNDA:11,_RNCNvMs7_NtCsdlE2Tj2UPPG_13aethelred_sdk7runtimeNtB7_10MemoryPool14get_size_class0B9_
FNF:69
FNH:27
DA:35,0
DA:36,0
DA:37,0
DA:38,0
DA:39,0
DA:40,0
DA:41,0
DA:42,0
DA:43,0
DA:44,0
DA:45,0
DA:47,0
DA:76,5
DA:77,5
DA:78,5
DA:79,5
DA:80,5
DA:81,5
DA:82,5
DA:83,5
DA:84,5
DA:85,5
DA:86,5
DA:87,5
DA:88,5
DA:89,5
DA:90,5
DA:91,5
DA:92,5
DA:93,5
DA:94,5
DA:95,5
DA:96,5
DA:97,5
DA:98,5
DA:99,5
DA:115,5
DA:116,5
DA:117,5
DA:119,5
DA:120,5
DA:121,5
DA:122,5
DA:123,5
DA:124,5
DA:125,5
DA:126,5
DA:127,5
DA:128,5
DA:129,5
DA:130,5
DA:131,5
DA:132,5
DA:133,5
DA:134,5
DA:145,5
DA:146,5
DA:147,5
DA:150,0
DA:151,0
DA:152,0
DA:155,0
DA:156,0
DA:157,0
DA:163,0
DA:165,0
DA:169,0
DA:170,0
DA:171,0
DA:172,0
DA:173,0
DA:174,0
DA:175,0
DA:176,0
DA:193,0
DA:194,0
DA:195,0
DA:198,5
DA:199,5
DA:200,5
DA:203,0
DA:204,0
DA:205,0
DA:206,0
DA:207,0
DA:208,0
DA:209,0
DA:210,0
DA:211,0
DA:214,0
DA:215,0
DA:216,0
DA:217,0
DA:218,0
DA:219,0
DA:220,0
DA:221,0
DA:222,0
DA:239,0
DA:240,0
DA:241,0
DA:242,0
DA:243,0
DA:244,0
DA:245,0
DA:246,0
DA:248,0
DA:286,6
DA:289,6
DA:290,6
DA:291,6
DA:292,6
DA:293,6
DA:294,6
DA:295,6
DA:298,7
DA:299,11
DA:300,7
DA:303,6
DA:304,6
DA:306,6
DA:307,6
DA:311,6
DA:312,6
DA:313,0
DA:314,0
DA:315,0
DA:316,0
DA:317,0
DA:318,0
DA:319,0
DA:320,6
DA:324,6
DA:325,6
DA:326,0
DA:327,6
DA:329,6
DA:330,6
DA:332,6
DA:333,6
DA:334,0
DA:335,6
DA:337,6
DA:339,6
DA:340,6
DA:341,6
DA:342,6
DA:343,6
DA:344,6
DA:345,6
DA:348,0
DA:349,0
DA:351,0
DA:352,0
DA:353,0
DA:354,0
DA:356,0
DA:357,0
DA:358,0
DA:359,0
DA:361,0
DA:363,0
DA:364,0
DA:365,0
DA:366,0
DA:367,0
DA:368,0
DA:369,0
DA:371,6
DA:374,1
DA:375,1
DA:376,0
DA:377,1
DA:379,1
DA:380,1
DA:382,1
DA:383,1
DA:384,1
DA:385,0
DA:386,0
DA:389,0
DA:390,0
DA:391,0
DA:392,0
DA:394,0
DA:395,1
DA:398,0
DA:399,0
DA:400,0
DA:401,0
DA:402,0
DA:403,0
DA:405,0
DA:406,0
DA:407,0
DA:408,0
DA:409,0
DA:410,0
DA:443,1
DA:446,1
DA:447,1
DA:448,1
DA:449,1
DA:450,1
DA:451,1
DA:452,1
DA:453,1
DA:456,0
DA:457,0
DA:458,0
DA:461,1
DA:462,1
DA:463,0
DA:464,0
DA:465,1
DA:466,0
DA:468,1
DA:471,1
DA:472,1
DA:473,1
DA:475,1
DA:476,1
DA:477,1
DA:480,0
DA:481,0
DA:482,0
DA:483,0
DA:486,1
DA:489,1
DA:490,1
DA:491,0
DA:492,0
DA:495,1
DA:499,2
DA:500,2
DA:501,2
DA:504,2
DA:505,1
DA:506,1
DA:510,1
DA:511,1
DA:514,1
DA:515,1
DA:516,0
DA:517,0
DA:518,1
DA:521,0
DA:522,0
DA:523,0
DA:535,0
DA:538,0
DA:539,0
DA:540,0
DA:541,0
DA:542,0
DA:543,0
DA:546,0
DA:547,0
DA:548,0
DA:551,0
DA:552,0
DA:553,0
DA:556,0
DA:557,0
DA:558,0
DA:559,0
DA:560,0
DA:563,0
DA:564,0
DA:565,0
DA:566,0
DA:567,0
DA:568,0
DA:569,0
DA:571,0
DA:572,0
DA:575,0
DA:576,0
DA:577,0
DA:578,0
DA:579,0
DA:582,0
DA:583,0
DA:584,0
DA:586,0
DA:587,0
DA:588,0
DA:590,0
DA:627,1
DA:628,1
DA:629,1
DA:630,1
DA:631,1
DA:632,1
DA:633,1
DA:636,1
DA:637,1
DA:638,1
DA:641,0
DA:642,0
DA:643,0
DA:646,1
DA:647,1
DA:648,1
DA:651,1
DA:652,1
DA:653,1
DA:654,1
DA:655,1
DA:656,1
DA:659,1
DA:660,1
DA:661,1
DA:664,1
DA:665,1
DA:666,1
DA:667,1
DA:670,0
DA:671,0
DA:672,0
DA:673,0
DA:676,0
DA:677,0
DA:678,0
DA:680,0
DA:681,0
DA:682,0
DA:683,0
DA:684,0
DA:685,0
DA:686,0
DA:687,0
DA:688,0
DA:689,0
DA:690,0
DA:691,0
DA:692,0
DA:694,0
DA:695,0
DA:698,0
DA:699,0
DA:700,0
DA:702,0
DA:703,0
DA:704,0
DA:706,0
DA:707,0
DA:708,0
DA:709,0
DA:714,0
DA:716,0
DA:717,0
DA:718,0
DA:719,0
DA:722,0
DA:723,0
DA:727,0
DA:728,0
DA:729,0
DA:741,1
DA:742,1
DA:743,1
DA:744,1
DA:745,1
DA:746,1
DA:747,1
DA:748,1
DA:752,1
DA:753,1
DA:754,1
DA:755,1
DA:756,1
DA:757,1
DA:758,1
DA:759,1
DA:760,1
DA:761,1
DA:762,1
DA:763,1
DA:785,0
DA:786,0
DA:787,0
DA:789,0
DA:791,0
DA:810,0
DA:811,0
DA:812,0
DA:813,0
DA:814,0
DA:815,0
DA:816,0
DA:817,0
DA:819,0
DA:834,0
DA:838,0
DA:839,0
DA:840,0
DA:841,0
DA:842,0
DA:843,0
DA:844,0
DA:847,0
DA:848,0
DA:849,0
DA:850,0
DA:852,0
DA:855,0
DA:856,0
DA:859,0
DA:860,0
DA:868,0
DA:869,0
DA:872,0
DA:873,0
DA:874,0
DA:875,0
DA:878,0
DA:879,0
DA:880,0
DA:881,0
DA:884,0
DA:885,0
DA:886,0
DA:887,0
DA:890,0
DA:891,0
DA:892,0
DA:895,0
DA:896,0
DA:897,0
DA:900,0
DA:901,0
DA:902,0
DA:917,0
DA:918,0
DA:919,0
DA:920,0
DA:921,0
DA:922,0
DA:923,0
DA:924,0
DA:943,0
DA:944,0
DA:945,0
DA:946,0
DA:947,0
DA:948,0
DA:951,0
DA:953,0
DA:954,0
DA:955,0
DA:956,0
DA:957,0
DA:958,0
DA:960,0
DA:963,0
DA:964,0
DA:965,0
DA:966,0
DA:967,0
DA:968,0
DA:971,0
DA:972,0
DA:973,0
DA:974,0
DA:976,0
DA:977,0
DA:980,0
DA:981,0
DA:982,0
DA:983,0
DA:987,0
DA:988,0
DA:989,0
DA:990,0
DA:991,0
DA:992,0
DA:993,0
DA:994,0
DA:1009,0
DA:1010,0
DA:1011,0
DA:1012,0
DA:1013,0
DA:1014,0
DA:1016,0
DA:1026,1
DA:1027,1
DA:1029,1
DA:1030,1
DA:1032,1
DA:1033,1
DA:1036,1
DA:1037,1
DA:1038,1
DA:1039,1
DA:1040,1
DA:1043,1
DA:1044,1
DA:1045,1
DA:1047,1
DA:1048,1
DA:1050,1
DA:1051,1
DA:1052,1
DA:1054,1
DA:1055,1
DA:1057,1
DA:1058,1
DA:1061,1
DA:1062,1
DA:1063,1
DA:1065,1
DA:1066,1
DA:1067,1
DA:1068,1
DA:1070,1
DA:1071,1
DA:1072,1
DA:1073,1
BRF:0
BRH:0
LF:522
LH:209
end_of_record
SF:/Users/rameshtamilselvan/Downloads/AethelredMVP/sdk/rust/src/seals/mod.rs
FN:46,_RNCNvMNtCsdlE2Tj2UPPG_13aethelred_sdk5sealsNtB4_11SealsModule3get0B6_
FN:53,_RNCNvMNtCsdlE2Tj2UPPG_13aethelred_sdk5sealsNtB4_11SealsModule4list0B6_
FN:42,_RNCNvMNtCsdlE2Tj2UPPG_13aethelred_sdk5sealsNtB4_11SealsModule6create0B6_
FN:64,_RNCNvMNtCsdlE2Tj2UPPG_13aethelred_sdk5sealsNtB4_11SealsModule6revoke0B6_
FN:60,_RNCNvMNtCsdlE2Tj2UPPG_13aethelred_sdk5sealsNtB4_11SealsModule6verify0B6_
FN:46,_RNvMNtCsdlE2Tj2UPPG_13aethelred_sdk5sealsNtB2_11SealsModule3get
FN:38,_RNvMNtCsdlE2Tj2UPPG_13aethelred_sdk5sealsNtB2_11SealsModule3new
FN:53,_RNvMNtCsdlE2Tj2UPPG_13aethelred_sdk5sealsNtB2_11SealsModule4list
FN:42,_RNvMNtCsdlE2Tj2UPPG_13aethelred_sdk5sealsNtB2_11SealsModule6create
FN:64,_RNvMNtCsdlE2Tj2UPPG_13aethelred_sdk5sealsNtB2_11SealsModule6revoke
FN:60,_RNvMNtCsdlE2Tj2UPPG_13aethelred_sdk5sealsNtB2_11SealsModule6verify
FNDA:0,_RNCNvMNtCsdlE2Tj2UPPG_13aethelred_sdk5sealsNtB4_11SealsModule3get0B6_
FNDA:0,_RNCNvMNtCsdlE2Tj2UPPG_13aethelred_sdk5sealsNtB4_11SealsModule4list0B6_
FNDA:0,_RNCNvMNtCsdlE2Tj2UPPG_13aethelred_sdk5sealsNtB4_11SealsModule6create0B6_
FNDA:0,_RNCNvMNtCsdlE2Tj2UPPG_13aethelred_sdk5sealsNtB4_11SealsModule6revoke0B6_
FNDA:0,_RNCNvMNtCsdlE2Tj2UPPG_13aethelred_sdk5sealsNtB4_11SealsModule6verify0B6_
FNDA:0,_RNvMNtCsdlE2Tj2UPPG_13aethelred_sdk5sealsNtB2_11SealsModule3get
FNDA:0,_RNvMNtCsdlE2Tj2UPPG_13aethelred_sdk5sealsNtB2_11SealsModule3new
FNDA:0,_RNvMNtCsdlE2Tj2UPPG_13aethelred_sdk5sealsNtB2_11SealsModule4list
FNDA:0,_RNvMNtCsdlE2Tj2UPPG_13aethelred_sdk5sealsNtB2_11SealsModule6create
FNDA:0,_RNvMNtCsdlE2Tj2UPPG_13aethelred_sdk5sealsNtB2_11SealsModule6revoke
FNDA:0,_RNvMNtCsdlE2Tj2UPPG_13aethelred_sdk5sealsNtB2_11SealsModule6verify
FNF:11
FNH:0
DA:38,0
DA:39,0
DA:40,0
DA:42,0
DA:43,0
DA:44,0
DA:46,0
DA:49,0
DA:50,0
DA:51,0
DA:53,0
DA:56,0
DA:57,0
DA:58,0
DA:60,0
DA:61,0
DA:62,0
DA:64,0
DA:67,0
DA:68,0
DA:69,0
DA:70,0
DA:71,0
DA:72,0
BRF:0
BRH:0
LF:29
LH:0
end_of_record
SF:/Users/rameshtamilselvan/Downloads/AethelredMVP/sdk/rust/src/tensor.rs
FN:224,_RINvMs1_NtCsdlE2Tj2UPPG_13aethelred_sdk6tensorNtB6_13TensorStorage12as_slice_mutpEB8_
FN:446,_RNCNvMs3_NtCsdlE2Tj2UPPG_13aethelred_sdk6tensorNtB7_6Tensor4grad0B9_
FN:351,_RNCNvMs3_NtCsdlE2Tj2UPPG_13aethelred_sdk6tensorNtB7_6Tensor4rand0B9_
FN:363,_RNCNvMs3_NtCsdlE2Tj2UPPG_13aethelred_sdk6tensorNtB7_6Tensor5randn0B9_
FN:1106,_RNCNvMs3_NtCsdlE2Tj2UPPG_13aethelred_sdk6tensorNtB7_6Tensor7squeeze0B9_
FN:45,_RNvMNtCsdlE2Tj2UPPG_13aethelred_sdk6tensorNtB2_5DType17is_floating_point
FN:35,_RNvMNtCsdlE2Tj2UPPG_13aethelred_sdk6tensorNtB2_5DType7size_of
FN:53,_RNvMNtCsdlE2Tj2UPPG_13aethelred_sdk6tensorNtB2_5DType9is_signed
FN:179,_RNvMs1_NtCsdlE2Tj2UPPG_13aethelred_sdk6tensorNtB5_13TensorStorage3new
FN:237,_RNvMs1_NtCsdlE2Tj2UPPG_13aethelred_sdk6tensorNtB5_13TensorStorage4size
FN:232,_RNvMs1_NtCsdlE2Tj2UPPG_13aethelred_sdk6tensorNtB5_13TensorStorage5dtype
FN:242,_RNvMs1_NtCsdlE2Tj2UPPG_13aethelred_sdk6tensorNtB5_13TensorStorage9is_unique
FN:1149,_RNvMs3_NtCsdlE2Tj2UPPG_13aethelred_sdk6tensorNtB5_6Tensor12clone_tensor
FN:430,_RNvMs3_NtCsdlE2Tj2UPPG_13aethelred_sdk6tensorNtB5_6Tensor13is_contiguous
FN:435,_RNvMs3_NtCsdlE2Tj2UPPG_13aethelred_sdk6tensorNtB5_6Tensor13requires_grad
FN:440,_RNvMs3_NtCsdlE2Tj2UPPG_13aethelred_sdk6tensorNtB5_6Tensor17set_requires_grad
FN:1053,_RNvMs3_NtCsdlE2Tj2UPPG_13aethelred_sdk6tensorNtB5_6Tensor1t
FN:395,_RNvMs3_NtCsdlE2Tj2UPPG_13aethelred_sdk6tensorNtB5_6Tensor2id
FN:853,_RNvMs3_NtCsdlE2Tj2UPPG_13aethelred_sdk6tensorNtB5_6Tensor3abs
FN:810,_RNvMs3_NtCsdlE2Tj2UPPG_13aethelred_sdk6tensorNtB5_6Tensor3div
FN:865,_RNvMs3_NtCsdlE2Tj2UPPG_13aethelred_sdk6tensorNtB5_6Tensor3exp
FN:383,_RNvMs3_NtCsdlE2Tj2UPPG_13aethelred_sdk6tensorNtB5_6Tensor3eye
FN:877,_RNvMs3_NtCsdlE2Tj2UPPG_13aethelred_sdk6tensorNtB5_6Tensor3log
FN:997,_RNvMs3_NtCsdlE2Tj2UPPG_13aethelred_sdk6tensorNtB5_6Tensor3max
FN:1014,_RNvMs3_NtCsdlE2Tj2UPPG_13aethelred_sdk6tensorNtB5_6Tensor3min
FN:792,_RNvMs3_NtCsdlE2Tj2UPPG_13aethelred_sdk6tensorNtB5_6Tensor3mul
FN:841,_RNvMs3_NtCsdlE2Tj2UPPG_13aethelred_sdk6tensorNtB5_6Tensor3neg
FN:828,_RNvMs3_NtCsdlE2Tj2UPPG_13aethelred_sdk6tensorNtB5_6Tensor3pow
FN:774,_RNvMs3_NtCsdlE2Tj2UPPG_13aethelred_sdk6tensorNtB5_6Tensor3sub
FN:963,_RNvMs3_NtCsdlE2Tj2UPPG_13aethelred_sdk6tensorNtB5_6Tensor3sum
FN:341,_RNvMs3_NtCsdlE2Tj2UPPG_13aethelred_sdk6tensorNtB5_6Tensor4full
FN:937,_RNvMs3_NtCsdlE2Tj2UPPG_13aethelred_sdk6tensorNtB5_6Tensor4gelu
FN:445,_RNvMs3_NtCsdlE2Tj2UPPG_13aethelred_sdk6tensorNtB5_6Tensor4grad
FN:1174,_RNvMs3_NtCsdlE2Tj2UPPG_13aethelred_sdk6tensorNtB5_6Tensor4item
FN:980,_RNvMs3_NtCsdlE2Tj2UPPG_13aethelred_sdk6tensorNtB5_6Tensor4mean
FN:410,_RNvMs3_NtCsdlE2Tj2UPPG_13aethelred_sdk6tensorNtB5_6Tensor4ndim
FN:336,_RNvMs3_NtCsdlE2Tj2UPPG_13aethelred_sdk6tensorNtB5_6Tensor4ones
FN:346,_RNvMs3_NtCsdlE2Tj2UPPG_13aethelred_sdk6tensorNtB5_6Tensor4rand
FN:925,_RNvMs3_NtCsdlE2Tj2UPPG_13aethelred_sdk6tensorNtB5_6Tensor4relu
FN:949,_RNvMs3_NtCsdlE2Tj2UPPG_13aethelred_sdk6tensorNtB5_6Tensor4silu
FN:889,_RNvMs3_NtCsdlE2Tj2UPPG_13aethelred_sdk6tensorNtB5_6Tensor4sqrt
FN:901,_RNvMs3_NtCsdlE2Tj2UPPG_13aethelred_sdk6tensorNtB5_6Tensor4tanh
FN:1095,_RNvMs3_NtCsdlE2Tj2UPPG_13aethelred_sdk6tensorNtB5_6Tensor4view
FN:420,_RNvMs3_NtCsdlE2Tj2UPPG_13aethelred_sdk6tensorNtB5_6Tensor5dtype
FN:357,_RNvMs3_NtCsdlE2Tj2UPPG_13aethelred_sdk6tensorNtB5_6Tensor5randn
FN:370,_RNvMs3_NtCsdlE2Tj2UPPG_13aethelred_sdk6tensorNtB5_6Tensor6arange
FN:425,_RNvMs3_NtCsdlE2Tj2UPPG_13aethelred_sdk6tensorNtB5_6Tensor6device
FN:1033,_RNvMs3_NtCsdlE2Tj2UPPG_13aethelred_sdk6tensorNtB5_6Tensor6matmul
FN:1100,_RNvMs3_NtCsdlE2Tj2UPPG_13aethelred_sdk6tensorNtB5_6Tensor7flatten
FN:1078,_RNvMs3_NtCsdlE2Tj2UPPG_13aethelred_sdk6tensorNtB5_6Tensor7reshape
FN:913,_RNvMs3_NtCsdlE2Tj2UPPG_13aethelred_sdk6tensorNtB5_6Tensor7sigmoid
FN:1105,_RNvMs3_NtCsdlE2Tj2UPPG_13aethelred_sdk6tensorNtB5_6Tensor7squeeze
FN:405,_RNvMs3_NtCsdlE2Tj2UPPG_13aethelred_sdk6tensorNtB5_6Tensor7strides
FN:1111,_RNvMs3_NtCsdlE2Tj2UPPG_13aethelred_sdk6tensorNtB5_6Tensor9unsqueeze
FN:248,_RNvXs2_NtCsdlE2Tj2UPPG_13aethelred_sdk6tensorNtB5_13TensorStorageNtNtCs2CqrNpCrSUr_4core5clone5Clone5clone
FN:1185,_RNvXs4_NtCsdlE2Tj2UPPG_13aethelred_sdk6tensorNtB5_6TensorNtNtCs2CqrNpCrSUr_4core5clone5Clone5clone
FN:1191,_RNvXs5_NtCsdlE2Tj2UPPG_13aethelred_sdk6tensorNtB5_6TensorNtNtCs2CqrNpCrSUr_4core3fmt5Debug3fmt
FN:1206,_RNvXs6_NtCsdlE2Tj2UPPG_13aethelred_sdk6tensorRNtB5_6TensorNtNtNtCs2CqrNpCrSUr_4core3ops5arith3Add3add
FN:1214,_RNvXs7_NtCsdlE2Tj2UPPG_13aethelred_sdk6tensorRNtB5_6TensorNtNtNtCs2CqrNpCrSUr_4core3ops5arith3Sub3sub
FN:1222,_RNvXs8_NtCsdlE2Tj2UPPG_13aethelred_sdk6tensorRNtB5_6TensorNtNtNtCs2CqrNpCrSUr_4core3ops5arith3Mul3mul
FN:1230,_RNvXs9_NtCsdlE2Tj2UPPG_13aethelred_sdk6tensorRNtB5_6TensorNtNtNtCs2CqrNpCrSUr_4core3ops5arith3Div3div
FN:59,_RNvXs_NtCsdlE2Tj2UPPG_13aethelred_sdk6tensorNtB4_5DTypeNtNtCs2CqrNpCrSUr_4core3fmt7Display3fmt
FN:1238,_RNvXsa_NtCsdlE2Tj2UPPG_13aethelred_sdk6tensorRNtB5_6TensorNtNtNtCs2CqrNpCrSUr_4core3ops5arith3Neg3neg
FN:1264,_RNvXsd_NtCsdlE2Tj2UPPG_13aethelred_sdk6tensorNtB5_11TensorErrorNtNtCs2CqrNpCrSUr_4core3fmt7Display3fmt
FN:192,_RINvMs1_NtCsdlE2Tj2UPPG_13aethelred_sdk6tensorNtB6_13TensorStorage10from_slicefEB8_
FN:216,_RINvMs1_NtCsdlE2Tj2UPPG_13aethelred_sdk6tensorNtB6_13TensorStorage8as_slicefEB8_
FN:283,_RINvMs3_NtCsdlE2Tj2UPPG_13aethelred_sdk6tensorNtB6_6Tensor3newfEB8_
FN:297,_RNCINvMs3_NtCsdlE2Tj2UPPG_13aethelred_sdk6tensorNtB8_6Tensor3newfE0Ba_
FN:493,_RNCNvMs3_NtCsdlE2Tj2UPPG_13aethelred_sdk6tensorNtB7_6Tensor10execute_op0B9_
FN:614,_RNCNvMs3_NtCsdlE2Tj2UPPG_13aethelred_sdk6tensorNtB7_6Tensor10execute_ops0_0B9_
FN:615,_RNCNvMs3_NtCsdlE2Tj2UPPG_13aethelred_sdk6tensorNtB7_6Tensor10execute_ops1_0B9_
FN:620,_RNCNvMs3_NtCsdlE2Tj2UPPG_13aethelred_sdk6tensorNtB7_6Tensor10execute_ops2_0B9_
FN:621,_RNCNvMs3_NtCsdlE2Tj2UPPG_13aethelred_sdk6tensorNtB7_6Tensor10execute_ops3_0B9_
FN:562,_RNCNvMs3_NtCsdlE2Tj2UPPG_13aethelred_sdk6tensorNtB7_6Tensor10execute_ops_0B9_
FN:699,_RNCNvMs3_NtCsdlE2Tj2UPPG_13aethelred_sdk6tensorNtB7_6Tensor15eager_binary_op0B9_
FN:1293,_RNvNtNtCsdlE2Tj2UPPG_13aethelred_sdk6tensor5testss_17test_tensor_zeros
FN:1282,_RNvNtNtCsdlE2Tj2UPPG_13aethelred_sdk6tensor5testss_20test_tensor_creation
FN:1306,_RNvNtNtCsdlE2Tj2UPPG_13aethelred_sdk6tensor5testss_22test_tensor_operations
FN:1302,_RNCNvNtNtCsdlE2Tj2UPPG_13aethelred_sdk6tensor5testss_17test_tensor_zeros0B7_
FN:160,_RNvMs0_NtCsdlE2Tj2UPPG_13aethelred_sdk6tensorNtB5_8TensorId3new
FN:470,_RNvMs3_NtCsdlE2Tj2UPPG_13aethelred_sdk6tensorNtB5_6Tensor10execute_op
FN:450,_RNvMs3_NtCsdlE2Tj2UPPG_13aethelred_sdk6tensorNtB5_6Tensor11is_realized
FN:1127,_RNvMs3_NtCsdlE2Tj2UPPG_13aethelred_sdk6tensorNtB5_6Tensor15broadcast_shape
FN:1119,_RNvMs3_NtCsdlE2Tj2UPPG_13aethelred_sdk6tensorNtB5_6Tensor15compute_strides
FN:682,_RNvMs3_NtCsdlE2Tj2UPPG_13aethelred_sdk6tensorNtB5_6Tensor15eager_binary_op
FN:756,_RNvMs3_NtCsdlE2Tj2UPPG_13aethelred_sdk6tensorNtB5_6Tensor3add
FN:314,_RNvMs3_NtCsdlE2Tj2UPPG_13aethelred_sdk6tensorNtB5_6Tensor4lazy
FN:415,_RNvMs3_NtCsdlE2Tj2UPPG_13aethelred_sdk6tensorNtB5_6Tensor5numel
FN:400,_RNvMs3_NtCsdlE2Tj2UPPG_13aethelred_sdk6tensorNtB5_6Tensor5shape
FN:331,_RNvMs3_NtCsdlE2Tj2UPPG_13aethelred_sdk6tensorNtB5_6Tensor5zeros
FN:1164,_RNvMs3_NtCsdlE2Tj2UPPG_13aethelred_sdk6tensorNtB5_6Tensor6to_vec
FN:457,_RNvMs3_NtCsdlE2Tj2UPPG_13aethelred_sdk6tensorNtB5_6Tensor7realize
FN:1256,_RNvXsb_NtCsdlE2Tj2UPPG_13aethelred_sdk6tensorNtB5_11TensorErrorINtNtCs2CqrNpCrSUr_4core7convert4FromNtNtB7_7runtime11MemoryErrorE4from
FNDA:0,_RINvMs1_NtCsdlE2Tj2UPPG_13aethelred_sdk6tensorNtB6_13TensorStorage12as_slice_mutpEB8_
FNDA:0,_RNCNvMs3_NtCsdlE2Tj2UPPG_13aethelred_sdk6tensorNtB7_6Tensor4grad0B9_
FNDA:0,_RNCNvMs3_NtCsdlE2Tj2UPPG_13aethelred_sdk6tensorNtB7_6Tensor4rand0B9_
FNDA:0,_RNCNvMs3_NtCsdlE2Tj2UPPG_13aethelred_sdk6tensorNtB7_6Tensor5randn0B9_
FNDA:0,_RNCNvMs3_NtCsdlE2Tj2UPPG_13aethelred_sdk6tensorNtB7_6Tensor7squeeze0B9_
FNDA:0,_RNvMNtCsdlE2Tj2UPPG_13aethelred_sdk6tensorNtB2_5DType17is_floating_point
FNDA:0,_RNvMNtCsdlE2Tj2UPPG_13aethelred_sdk6tensorNtB2_5DType7size_of
FNDA:0,_RNvMNtCsdlE2Tj2UPPG_13aethelred_sdk6tensorNtB2_5DType9is_signed
FNDA:0,_RNvMs1_NtCsdlE2Tj2UPPG_13aethelred_sdk6tensorNtB5_13TensorStorage3new
FNDA:0,_RNvMs1_NtCsdlE2Tj2UPPG_13aethelred_sdk6tensorNtB5_13TensorStorage4size
FNDA:0,_RNvMs1_NtCsdlE2Tj2UPPG_13aethelred_sdk6tensorNtB5_13TensorStorage5dtype
FNDA:0,_RNvMs1_NtCsdlE2Tj2UPPG_13aethelred_sdk6tensorNtB5_13TensorStorage9is_unique
FNDA:0,_RNvMs3_NtCsdlE2Tj2UPPG_13aethelred_sdk6tensorNtB5_6Tensor12clone_tensor
FNDA:0,_RNvMs3_NtCsdlE2Tj2UPPG_13aethelred_sdk6tensorNtB5_6Tensor13is_contiguous
FNDA:0,_RNvMs3_NtCsdlE2Tj2UPPG_13aethelred_sdk6tensorNtB5_6Tensor13requires_grad
FNDA:0,_RNvMs3_NtCsdlE2Tj2UPPG_13aethelred_sdk6tensorNtB5_6Tensor17set_requires_grad
FNDA:0,_RNvMs3_NtCsdlE2Tj2UPPG_13aethelred_sdk6tensorNtB5_6Tensor1t
FNDA:0,_RNvMs3_NtCsdlE2Tj2UPPG_13aethelred_sdk6tensorNtB5_6Tensor2id
FNDA:0,_RNvMs3_NtCsdlE2Tj2UPPG_13aethelred_sdk6tensorNtB5_6Tensor3abs
FNDA:0,_RNvMs3_NtCsdlE2Tj2UPPG_13aethelred_sdk6tensorNtB5_6Tensor3div
FNDA:0,_RNvMs3_NtCsdlE2Tj2UPPG_13aethelred_sdk6tensorNtB5_6Tensor3exp
FNDA:0,_RNvMs3_NtCsdlE2Tj2UPPG_13aethelred_sdk6tensorNtB5_6Tensor3eye
FNDA:0,_RNvMs3_NtCsdlE2Tj2UPPG_13aethelred_sdk6tensorNtB5_6Tensor3log
FNDA:0,_RNvMs3_NtCsdlE2Tj2UPPG_13aethelred_sdk6tensorNtB5_6Tensor3max
FNDA:0,_RNvMs3_NtCsdlE2Tj2UPPG_13aethelred_sdk6tensorNtB5_6Tensor3min
FNDA:0,_RNvMs3_NtCsdlE2Tj2UPPG_13aethelred_sdk6tensorNtB5_6Tensor3mul
FNDA:0,_RNvMs3_NtCsdlE2Tj2UPPG_13aethelred_sdk6tensorNtB5_6Tensor3neg
FNDA:0,_RNvMs3_NtCsdlE2Tj2UPPG_13aethelred_sdk6tensorNtB5_6Tensor3pow
FNDA:0,_RNvMs3_NtCsdlE2Tj2UPPG_13aethelred_sdk6tensorNtB5_6Tensor3sub
FNDA:0,_RNvMs3_NtCsdlE2Tj2UPPG_13aethelred_sdk6tensorNtB5_6Tensor3sum
FNDA:0,_RNvMs3_NtCsdlE2Tj2UPPG_13aethelred_sdk6tensorNtB5_6Tensor4full
FNDA:0,_RNvMs3_NtCsdlE2Tj2UPPG_13aethelred_sdk6tensorNtB5_6Tensor4gelu
FNDA:0,_RNvMs3_NtCsdlE2Tj2UPPG_13aethelred_sdk6tensorNtB5_6Tensor4grad
FNDA:0,_RNvMs3_NtCsdlE2Tj2UPPG_13aethelred_sdk6tensorNtB5_6Tensor4item
FNDA:0,_RNvMs3_NtCsdlE2Tj2UPPG_13aethelred_sdk6tensorNtB5_6Tensor4mean
FNDA:0,_RNvMs3_NtCsdlE2Tj2UPPG_13aethelred_sdk6tensorNtB5_6Tensor4ndim
FNDA:0,_RNvMs3_NtCsdlE2Tj2UPPG_13aethelred_sdk6tensorNtB5_6Tensor4ones
FNDA:0,_RNvMs3_NtCsdlE2Tj2UPPG_13aethelred_sdk6tensorNtB5_6Tensor4rand
FNDA:0,_RNvMs3_NtCsdlE2Tj2UPPG_13aethelred_sdk6tensorNtB5_6Tensor4relu
FNDA:0,_RNvMs3_NtCsdlE2Tj2UPPG_13aethelred_sdk6tensorNtB5_6Tensor4silu
FNDA:0,_RNvMs3_NtCsdlE2Tj2UPPG_13aethelred_sdk6tensorNtB5_6Tensor4sqrt
FNDA:0,_RNvMs3_NtCsdlE2Tj2UPPG_13aethelred_sdk6tensorNtB5_6Tensor4tanh
FNDA:0,_RNvMs3_NtCsdlE2Tj2UPPG_13aethelred_sdk6tensorNtB5_6Tensor4view
FNDA:0,_RNvMs3_NtCsdlE2Tj2UPPG_13aethelred_sdk6tensorNtB5_6Tensor5dtype
FNDA:0,_RNvMs3_NtCsdlE2Tj2UPPG_13aethelred_sdk6tensorNtB5_6Tensor5randn
FNDA:0,_RNvMs3_NtCsdlE2Tj2UPPG_13aethelred_sdk6tensorNtB5_6Tensor6arange
FNDA:0,_RNvMs3_NtCsdlE2Tj2UPPG_13aethelred_sdk6tensorNtB5_6Tensor6device
FNDA:0,_RNvMs3_NtCsdlE2Tj2UPPG_13aethelred_sdk6tensorNtB5_6Tensor6matmul
FNDA:0,_RNvMs3_NtCsdlE2Tj2UPPG_13aethelred_sdk6tensorNtB5_6Tensor7flatten
FNDA:0,_RNvMs3_NtCsdlE2Tj2UPPG_13aethelred_sdk6tensorNtB5_6Tensor7reshape
FNDA:0,_RNvMs3_NtCsdlE2Tj2UPPG_13aethelred_sdk6tensorNtB5_6Tensor7sigmoid
FNDA:0,_RNvMs3_NtCsdlE2Tj2UPPG_13aethelred_sdk6tensorNtB5_6Tensor7squeeze
FNDA:0,_RNvMs3_NtCsdlE2Tj2UPPG_13aethelred_sdk6tensorNtB5_6Tensor7strides
FNDA:0,_RNvMs3_NtCsdlE2Tj2UPPG_13aethelred_sdk6tensorNtB5_6Tensor9unsqueeze
FNDA:0,_RNvXs2_NtCsdlE2Tj2UPPG_13aethelred_sdk6tensorNtB5_13TensorStorageNtNtCs2CqrNpCrSUr_4core5clone5Clone5clone
FNDA:0,_RNvXs4_NtCsdlE2Tj2UPPG_13aethelred_sdk6tensorNtB5_6TensorNtNtCs2CqrNpCrSUr_4core5clone5Clone5clone
FNDA:0,_RNvXs5_NtCsdlE2Tj2UPPG_13aethelred_sdk6tensorNtB5_6TensorNtNtCs2CqrNpCrSUr_4core3fmt5Debug3fmt
FNDA:0,_RNvXs6_NtCsdlE2Tj2UPPG_13aethelred_sdk6tensorRNtB5_6TensorNtNtNtCs2CqrNpCrSUr_4core3ops5arith3Add3add
FNDA:0,_RNvXs7_NtCsdlE2Tj2UPPG_13aethelred_sdk6tensorRNtB5_6TensorNtNtNtCs2CqrNpCrSUr_4core3ops5arith3Sub3sub
FNDA:0,_RNvXs8_NtCsdlE2Tj2UPPG_13aethelred_sdk6tensorRNtB5_6TensorNtNtNtCs2CqrNpCrSUr_4core3ops5arith3Mul3mul
FNDA:0,_RNvXs9_NtCsdlE2Tj2UPPG_13aethelred_sdk6tensorRNtB5_6TensorNtNtNtCs2CqrNpCrSUr_4core3ops5arith3Div3div
FNDA:0,_RNvXs_NtCsdlE2Tj2UPPG_13aethelred_sdk6tensorNtB4_5DTypeNtNtCs2CqrNpCrSUr_4core3fmt7Display3fmt
FNDA:0,_RNvXsa_NtCsdlE2Tj2UPPG_13aethelred_sdk6tensorRNtB5_6TensorNtNtNtCs2CqrNpCrSUr_4core3ops5arith3Neg3neg
FNDA:0,_RNvXsd_NtCsdlE2Tj2UPPG_13aethelred_sdk6tensorNtB5_11TensorErrorNtNtCs2CqrNpCrSUr_4core3fmt7Display3fmt
FNDA:5,_RINvMs1_NtCsdlE2Tj2UPPG_13aethelred_sdk6tensorNtB6_13TensorStorage10from_slicefEB8_
FNDA:4,_RINvMs1_NtCsdlE2Tj2UPPG_13aethelred_sdk6tensorNtB6_13TensorStorage8as_slicefEB8_
FNDA:4,_RINvMs3_NtCsdlE2Tj2UPPG_13aethelred_sdk6tensorNtB6_6Tensor3newfEB8_
FNDA:16,_RNCINvMs3_NtCsdlE2Tj2UPPG_13aethelred_sdk6tensorNtB8_6Tensor3newfE0Ba_
FNDA:0,_RNCNvMs3_NtCsdlE2Tj2UPPG_13aethelred_sdk6tensorNtB7_6Tensor10execute_op0B9_
FNDA:0,_RNCNvMs3_NtCsdlE2Tj2UPPG_13aethelred_sdk6tensorNtB7_6Tensor10execute_ops0_0B9_
FNDA:0,_RNCNvMs3_NtCsdlE2Tj2UPPG_13aethelred_sdk6tensorNtB7_6Tensor10execute_ops1_0B9_
FNDA:0,_RNCNvMs3_NtCsdlE2Tj2UPPG_13aethelred_sdk6tensorNtB7_6Tensor10execute_ops2_0B9_
FNDA:0,_RNCNvMs3_NtCsdlE2Tj2UPPG_13aethelred_sdk6tensorNtB7_6Tensor10execute_ops3_0B9_
FNDA:0,_RNCNvMs3_NtCsdlE2Tj2UPPG_13aethelred_sdk6tensorNtB7_6Tensor10execute_ops_0B9_
FNDA:4,_RNCNvMs3_NtCsdlE2Tj2UPPG_13aethelred_sdk6tensorNtB7_6Tensor15eager_binary_op0B9_
FNDA:1,_RNvNtNtCsdlE2Tj2UPPG_13aethelred_sdk6tensor5testss_17test_tensor_zeros
FNDA:1,_RNvNtNtCsdlE2Tj2UPPG_13aethelred_sdk6tensor5testss_20test_tensor_creation
FNDA:1,_RNvNtNtCsdlE2Tj2UPPG_13aethelred_sdk6tensor5testss_22test_tensor_operations
FNDA:9,_RNCNvNtNtCsdlE2Tj2UPPG_13aethelred_sdk6tensor5testss_17test_tensor_zeros0B7_
FNDA:5,_RNvMs0_NtCsdlE2Tj2UPPG_13aethelred_sdk6tensorNtB5_8TensorId3new
FNDA:1,_RNvMs3_NtCsdlE2Tj2UPPG_13aethelred_sdk6tensorNtB5_6Tensor10execute_op
FNDA:9,_RNvMs3_NtCsdlE2Tj2UPPG_13aethelred_sdk6tensorNtB5_6Tensor11is_realized
FNDA:0,_RNvMs3_NtCsdlE2Tj2UPPG_13aethelred_sdk6tensorNtB5_6Tensor15broadcast_shape
FNDA:5,_RNvMs3_NtCsdlE2Tj2UPPG_13aethelred_sdk6tensorNtB5_6Tensor15compute_strides
FNDA:1,_RNvMs3_NtCsdlE2Tj2UPPG_13aethelred_sdk6tensorNtB5_6Tensor15eager_binary_op
FNDA:1,_RNvMs3_NtCsdlE2Tj2UPPG_13aethelred_sdk6tensorNtB5_6Tensor3add
FNDA:1,_RNvMs3_NtCsdlE2Tj2UPPG_13aethelred_sdk6tensorNtB5_6Tensor4lazy
FNDA:2,_RNvMs3_NtCsdlE2Tj2UPPG_13aethelred_sdk6tensorNtB5_6Tensor5numel
FNDA:1,_RNvMs3_NtCsdlE2Tj2UPPG_13aethelred_sdk6tensorNtB5_6Tensor5shape
FNDA:1,_RNvMs3_NtCsdlE2Tj2UPPG_13aethelred_sdk6tensorNtB5_6Tensor5zeros
FNDA:2,_RNvMs3_NtCsdlE2Tj2UPPG_13aethelred_sdk6tensorNtB5_6Tensor6to_vec
FNDA:2,_RNvMs3_NtCsdlE2Tj2UPPG_13aethelred_sdk6tensorNtB5_6Tensor7realize
FNDA:0,_RNvXsb_NtCsdlE2Tj2UPPG_13aethelred_sdk6tensorNtB5_11TensorErrorINtNtCs2CqrNpCrSUr_4core7convert4FromNtNtB7_7runtime11MemoryErrorE4from
FNF:93
FNH:21
DA:35,0
DA:36,0
DA:37,0
DA:38,0
DA:39,0
DA:40,0
DA:42,0
DA:45,0
DA:46,0
DA:47,0
DA:50,0
DA:53,0
DA:54,0
DA:55,0
DA:59,0
DA:60,0
DA:61,0
DA:62,0
DA:63,0
DA:64,0
DA:65,0
DA:66,0
DA:67,0
DA:68,0
DA:69,0
DA:70,0
DA:72,0
DA:160,5
DA:163,5
DA:164,5
DA:179,0
DA:180,0
DA:181,0
DA:183,0
DA:184,0
DA:185,0
DA:186,0
DA:187,0
DA:188,0
DA:189,0
DA:192,5
DA:193,5
DA:194,5
DA:195,5
DA:196,5
DA:197,5
DA:198,5
DA:199,5
DA:201,5
DA:202,5
DA:203,5
DA:204,5
DA:205,5
DA:207,5
DA:208,5
DA:209,5
DA:210,5
DA:211,5
DA:212,5
DA:213,5
DA:216,4
DA:218,4
DA:219,4
DA:221,4
DA:224,0
DA:225,0
DA:226,0
DA:227,0
DA:228,0
DA:229,0
DA:232,0
DA:233,0
DA:234,0
DA:237,0
DA:238,0
DA:239,0
DA:242,0
DA:243,0
DA:244,0
DA:248,0
DA:249,0
DA:250,0
DA:251,0
DA:252,0
DA:253,0
DA:254,0
DA:255,0
DA:256,0
DA:257,0
DA:258,0
DA:259,0
DA:260,0
DA:261,0
DA:283,4
DA:284,4
DA:285,4
DA:286,4
DA:287,4
DA:288,4
DA:289,4
DA:290,0
DA:291,4
DA:293,4
DA:294,4
DA:297,16
DA:298,4
DA:300,4
DA:301,4
DA:302,4
DA:303,4
DA:304,4
DA:305,4
DA:306,4
DA:307,4
DA:308,4
DA:309,4
DA:310,4
DA:311,4
DA:314,1
DA:315,1
DA:317,1
DA:318,1
DA:319,1
DA:320,1
DA:321,1
DA:322,1
DA:323,1
DA:324,1
DA:325,1
DA:326,1
DA:327,1
DA:328,1
DA:331,1
DA:332,1
DA:333,1
DA:336,0
DA:337,0
DA:338,0
DA:341,0
DA:342,0
DA:343,0
DA:346,0
DA:348,0
DA:350,0
DA:351,0
DA:353,0
DA:354,0
DA:357,0
DA:359,0
DA:361,0
DA:362,0
DA:363,0
DA:364,0
DA:366,0
DA:367,0
DA:370,0
DA:371,0
DA:372,0
DA:373,0
DA:374,0
DA:375,0
DA:376,0
DA:378,0
DA:379,0
DA:380,0
DA:383,0
DA:384,0
DA:385,0
DA:386,0
DA:387,0
DA:389,0
DA:390,0
DA:395,0
DA:396,0
DA:397,0
DA:400,1
DA:401,1
DA:402,1
DA:405,0
DA:406,0
DA:407,0
DA:410,0
DA:411,0
DA:412,0
DA:415,2
DA:416,2
DA:417,2
DA:420,0
DA:421,0
DA:422,0
DA:425,0
DA:426,0
DA:427,0
DA:430,0
DA:431,0
DA:432,0
DA:435,0
DA:436,0
DA:437,0
DA:440,0
DA:441,0
DA:442,0
DA:445,0
DA:446,0
DA:447,0
DA:450,9
DA:451,9
DA:452,9
DA:457,2
DA:458,2
DA:459,1
DA:460,1
DA:462,1
DA:463,1
DA:464,0
DA:466,1
DA:467,2
DA:470,1
DA:471,1
DA:472,1
DA:473,1
DA:474,1
DA:475,1
DA:478,0
DA:479,0
DA:480,0
DA:481,0
DA:483,0
DA:484,0
DA:485,0
DA:487,0
DA:488,0
DA:490,0
DA:491,0
DA:492,0
DA:493,0
DA:494,0
DA:495,0
DA:496,0
DA:497,0
DA:498,0
DA:499,0
DA:500,0
DA:502,0
DA:503,0
DA:505,0
DA:509,0
DA:510,0
DA:512,0
DA:516,0
DA:517,0
DA:519,0
DA:523,0
DA:524,0
DA:526,0
DA:530,0
DA:531,0
DA:533,0
DA:537,0
DA:538,0
DA:540,0
DA:543,0
DA:544,0
DA:546,0
DA:547,0
DA:548,0
DA:549,0
DA:550,0
DA:553,0
DA:554,0
DA:555,0
DA:556,0
DA:558,0
DA:560,0
DA:561,0
DA:562,0
DA:563,0
DA:564,0
DA:565,0
DA:566,0
DA:567,0
DA:568,0
DA:569,0
DA:570,0
DA:571,0
DA:572,0
DA:573,0
DA:575,0
DA:576,0
DA:577,0
DA:579,0
DA:580,0
DA:581,0
DA:582,0
DA:583,0
DA:584,0
DA:586,0
DA:587,0
DA:588,0
DA:589,0
DA:590,0
DA:593,0
DA:594,0
DA:595,0
DA:596,0
DA:598,0
DA:601,0
DA:602,0
DA:604,0
DA:607,0
DA:609,0
DA:610,0
DA:611,0
DA:612,0
DA:613,0
DA:614,0
DA:615,0
DA:616,0
DA:617,0
DA:618,0
DA:619,0
DA:620,0
DA:621,0
DA:622,0
DA:625,0
DA:626,0
DA:627,0
DA:628,0
DA:629,0
DA:630,0
DA:631,0
DA:634,0
DA:636,0
DA:637,0
DA:638,0
DA:640,0
DA:641,0
DA:642,0
DA:645,0
DA:646,0
DA:647,0
DA:649,0
DA:650,0
DA:652,0
DA:653,0
DA:654,0
DA:655,0
DA:656,0
DA:657,0
DA:658,0
DA:659,0
DA:663,0
DA:664,0
DA:665,0
DA:666,0
DA:667,0
DA:668,0
DA:669,0
DA:673,0
DA:677,1
DA:678,1
DA:682,1
DA:683,1
DA:684,0
DA:685,1
DA:686,1
DA:687,0
DA:688,1
DA:690,1
DA:691,1
DA:692,1
DA:693,0
DA:694,1
DA:696,1
DA:697,1
DA:698,1
DA:699,4
DA:700,4
DA:701,0
DA:702,0
DA:703,0
DA:704,0
DA:705,0
DA:706,0
DA:708,0
DA:709,0
DA:711,0
DA:715,0
DA:716,0
DA:718,0
DA:722,0
DA:723,0
DA:725,0
DA:729,0
DA:730,0
DA:732,0
DA:736,0
DA:737,0
DA:739,0
DA:743,0
DA:744,0
DA:746,0
DA:749,4
DA:750,1
DA:752,1
DA:753,1
DA:756,1
DA:757,1
DA:758,1
DA:759,0
DA:761,0
DA:762,0
DA:763,0
DA:765,0
DA:766,0
DA:767,0
DA:768,0
DA:769,0
DA:771,1
DA:774,0
DA:775,0
DA:776,0
DA:777,0
DA:779,0
DA:780,0
DA:781,0
DA:783,0
DA:784,0
DA:785,0
DA:786,0
DA:787,0
DA:789,0
DA:792,0
DA:793,0
DA:794,0
DA:795,0
DA:797,0
DA:798,0
DA:799,0
DA:801,0
DA:802,0
DA:803,0
DA:804,0
DA:805,0
DA:807,0
DA:810,0
DA:811,0
DA:812,0
DA:813,0
DA:815,0
DA:816,0
DA:817,0
DA:819,0
DA:820,0
DA:821,0
DA:822,0
DA:823,0
DA:825,0
DA:828,0
DA:829,0
DA:830,0
DA:832,0
DA:833,0
DA:834,0
DA:835,0
DA:836,0
DA:838,0
DA:841,0
DA:842,0
DA:844,0
DA:845,0
DA:846,0
DA:847,0
DA:848,0
DA:850,0
DA:853,0
DA:854,0
DA:856,0
DA:857,0
DA:858,0
DA:859,0
DA:860,0
DA:862,0
DA:865,0
DA:866,0
DA:868,0
DA:869,0
DA:870,0
DA:871,0
DA:872,0
DA:874,0
DA:877,0
DA:878,0
DA:880,0
DA:881,0
DA:882,0
DA:883,0
DA:884,0
DA:886,0
DA:889,0
DA:890,0
DA:892,0
DA:893,0
DA:894,0
DA:895,0
DA:896,0
DA:898,0
DA:901,0
DA:902,0
DA:904,0
DA:905,0
DA:906,0
DA:907,0
DA:908,0
DA:910,0
DA:913,0
DA:914,0
DA:916,0
DA:917,0
DA:918,0
DA:919,0
DA:920,0
DA:922,0
DA:925,0
DA:926,0
DA:928,0
DA:929,0
DA:930,0
DA:931,0
DA:932,0
DA:934,0
DA:937,0
DA:938,0
DA:940,0
DA:941,0
DA:942,0
DA:943,0
DA:944,0
DA:946,0
DA:949,0
DA:950,0
DA:952,0
DA:953,0
DA:954,0
DA:955,0
DA:956,0
DA:958,0
DA:963,0
DA:964,0
DA:965,0
DA:966,0
DA:968,0
DA:971,0
DA:972,0
DA:973,0
DA:974,0
DA:975,0
DA:977,0
DA:980,0
DA:981,0
DA:982,0
DA:983,0
DA:985,0
DA:988,0
DA:989,0
DA:990,0
DA:991,0
DA:992,0
DA:994,0
DA:997,0
DA:998,0
DA:999,0
DA:1000,0
DA:1002,0
DA:1005,0
DA:1006,0
DA:1007,0
DA:1008,0
DA:1009,0
DA:1011,0
DA:1014,0
DA:1015,0
DA:1016,0
DA:1017,0
DA:1019,0
DA:1022,0
DA:1023,0
DA:1024,0
DA:1025,0
DA:1026,0
DA:1028,0
DA:1033,0
DA:1034,0
DA:1035,0
DA:1038,0
DA:1039,0
DA:1040,0
DA:1041,0
DA:1042,0
DA:1044,0
DA:1045,0
DA:1046,0
DA:1047,0
DA:1048,0
DA:1050,0
DA:1053,0
DA:1054,0
DA:1055,0
DA:1056,0
DA:1058,0
DA:1060,0
DA:1061,0
DA:1062,0
DA:1064,0
DA:1065,0
DA:1067,0
DA:1068,0
DA:1069,0
DA:1070,0
DA:1071,0
DA:1073,0
DA:1078,0
DA:1079,0
DA:1080,0
DA:1081,0
DA:1082,0
DA:1084,0
DA:1086,0
DA:1087,0
DA:1088,0
DA:1089,0
DA:1090,0
DA:1091,0
DA:1092,0
DA:1095,0
DA:1096,0
DA:1097,0
DA:1100,0
DA:1101,0
DA:1102,0
DA:1105,0
DA:1106,0
DA:1107,0
DA:1108,0
DA:1111,0
DA:1112,0
DA:1113,0
DA:1114,0
DA:1115,0
DA:1119,5
DA:1120,5
DA:1121,5
DA:1122,5
DA:1123,5
DA:1124,5
DA:1125,5
DA:1127,0
DA:1128,0
DA:1129,0
DA:1131,0
DA:1132,0
DA:1133,0
DA:1135,0
DA:1137,0
DA:1138,0
DA:1140,0
DA:1142,0
DA:1145,0
DA:1146,0
DA:1149,0
DA:1150,0
DA:1151,0
DA:1152,0
DA:1153,0
DA:1154,0
DA:1155,0
DA:1156,0
DA:1157,0
DA:1158,0
DA:1159,0
DA:1160,0
DA:1161,0
DA:1164,2
DA:1165,2
DA:1166,0
DA:1167,2
DA:1169,2
DA:1170,2
DA:1171,2
DA:1174,0
DA:1175,0
DA:1176,0
DA:1177,0
DA:1179,0
DA:1180,0
DA:1181,0
DA:1185,0
DA:1186,0
DA:1187,0
DA:1191,0
DA:1192,0
DA:1193,0
DA:1194,0
DA:1195,0
DA:1196,0
DA:1197,0
DA:1198,0
DA:1206,0
DA:1207,0
DA:1208,0
DA:1214,0
DA:1215,0
DA:1216,0
DA:1222,0
DA:1223,0
DA:1224,0
DA:1230,0
DA:1231,0
DA:1232,0
DA:1238,0
DA:1239,0
DA:1240,0
DA:1256,0
DA:1257,0
DA:1258,0
DA:1264,0
DA:1265,0
DA:1266,0
DA:1267,0
DA:1268,0
DA:1269,0
DA:1270,0
DA:1272,0
DA:1282,1
DA:1283,1
DA:1284,1
DA:1285,1
DA:1287,1
DA:1288,1
DA:1289,1
DA:1290,1
DA:1293,1
DA:1294,1
DA:1295,1
DA:1297,1
DA:1298,1
DA:1299,1
DA:1301,1
DA:1302,9
DA:1303,1
DA:1306,1
DA:1307,1
DA:1308,1
DA:1309,1
DA:1311,1
DA:1312,1
DA:1314,1
DA:1315,1
DA:1316,1
BRF:0
BRH:0
LF:772
LH:157
end_of_record
SF:/Users/rameshtamilselvan/Downloads/AethelredMVP/sdk/rust/src/validators/mod.rs
FN:30,_RNCNvMNtCsdlE2Tj2UPPG_13aethelred_sdk10validatorsNtB4_16ValidatorsModule19register_capability0B6_
FN:23,_RNCNvMNtCsdlE2Tj2UPPG_13aethelred_sdk10validatorsNtB4_16ValidatorsModule4list0B6_
FN:19,_RNCNvMNtCsdlE2Tj2UPPG_13aethelred_sdk10validatorsNtB4_16ValidatorsModule9get_stats0B6_
FN:30,_RNvMNtCsdlE2Tj2UPPG_13aethelred_sdk10validatorsNtB2_16ValidatorsModule19register_capability
FN:15,_RNvMNtCsdlE2Tj2UPPG_13aethelred_sdk10validatorsNtB2_16ValidatorsModule3new
FN:23,_RNvMNtCsdlE2Tj2UPPG_13aethelred_sdk10validatorsNtB2_16ValidatorsModule4list
FN:19,_RNvMNtCsdlE2Tj2UPPG_13aethelred_sdk10validatorsNtB2_16ValidatorsModule9get_stats
FNDA:0,_RNCNvMNtCsdlE2Tj2UPPG_13aethelred_sdk10validatorsNtB4_16ValidatorsModule19register_capability0B6_
FNDA:0,_RNCNvMNtCsdlE2Tj2UPPG_13aethelred_sdk10validatorsNtB4_16ValidatorsModule4list0B6_
FNDA:0,_RNCNvMNtCsdlE2Tj2UPPG_13aethelred_sdk10validatorsNtB4_16ValidatorsModule9get_stats0B6_
FNDA:0,_RNvMNtCsdlE2Tj2UPPG_13aethelred_sdk10validatorsNtB2_16ValidatorsModule19register_capability
FNDA:0,_RNvMNtCsdlE2Tj2UPPG_13aethelred_sdk10validatorsNtB2_16ValidatorsModule3new
FNDA:0,_RNvMNtCsdlE2Tj2UPPG_13aethelred_sdk10validatorsNtB2_16ValidatorsModule4list
FNDA:0,_RNvMNtCsdlE2Tj2UPPG_13aethelred_sdk10validatorsNtB2_16ValidatorsModule9get_stats
FNF:7
FNH:0
DA:15,0
DA:16,0
DA:17,0
DA:19,0
DA:20,0
DA:21,0
DA:23,0
DA:26,0
DA:27,0
DA:28,0
DA:30,0
DA:33,0
DA:34,0
DA:35,0
DA:36,0
DA:37,0
DA:38,0
BRF:0
BRH:0
LF:20
LH:0
end_of_record
SF:/Users/rameshtamilselvan/Downloads/AethelredMVP/sdk/rust/src/verification/mod.rs
FN:43,_RNCNvMNtCsdlE2Tj2UPPG_13aethelred_sdk12verificationNtB4_18VerificationModule15verify_zk_proof0B6_
FN:47,_RNCNvMNtCsdlE2Tj2UPPG_13aethelred_sdk12verificationNtB4_18VerificationModule22verify_tee_attestation0B6_
FN:43,_RNvMNtCsdlE2Tj2UPPG_13aethelred_sdk12verificationNtB2_18VerificationModule15verify_zk_proof
FN:47,_RNvMNtCsdlE2Tj2UPPG_13aethelred_sdk12verificationNtB2_18VerificationModule22verify_tee_attestation
FN:39,_RNvMNtCsdlE2Tj2UPPG_13aethelred_sdk12verificationNtB2_18VerificationModule3new
FNDA:0,_RNCNvMNtCsdlE2Tj2UPPG_13aethelred_sdk12verificationNtB4_18VerificationModule15verify_zk_proof0B6_
FNDA:0,_RNCNvMNtCsdlE2Tj2UPPG_13aethelred_sdk12verificationNtB4_18VerificationModule22verify_tee_attestation0B6_
FNDA:0,_RNvMNtCsdlE2Tj2UPPG_13aethelred_sdk12verificationNtB2_18VerificationModule15verify_zk_proof
FNDA:0,_RNvMNtCsdlE2Tj2UPPG_13aethelred_sdk12verificationNtB2_18VerificationModule22verify_tee_attestation
FNDA:0,_RNvMNtCsdlE2Tj2UPPG_13aethelred_sdk12verificationNtB2_18VerificationModule3new
FNF:5
FNH:0
DA:39,0
DA:40,0
DA:41,0
DA:43,0
DA:44,0
DA:45,0
DA:47,0
DA:53,0
DA:54,0
BRF:0
BRH:0
LF:11
LH:0
end_of_record